

Started GET "/locations" for ::1 at 2016-06-28 13:24:20 -0500

ActiveRecord::PendingMigrationError (

Migrations are pending. To resolve this issue, run:

	bin/rake db:migrate RAILS_ENV=development

):
  activerecord (4.2.5.1) lib/active_record/migration.rb:392:in `check_pending!'
  activerecord (4.2.5.1) lib/active_record/migration.rb:373:in `call'
  actionpack (4.2.5.1) lib/action_dispatch/middleware/callbacks.rb:29:in `block in call'
  activesupport (4.2.5.1) lib/active_support/callbacks.rb:88:in `__run_callbacks__'
  activesupport (4.2.5.1) lib/active_support/callbacks.rb:778:in `_run_call_callbacks'
  activesupport (4.2.5.1) lib/active_support/callbacks.rb:81:in `run_callbacks'
  actionpack (4.2.5.1) lib/action_dispatch/middleware/callbacks.rb:27:in `call'
  actionpack (4.2.5.1) lib/action_dispatch/middleware/reloader.rb:73:in `call'
  actionpack (4.2.5.1) lib/action_dispatch/middleware/remote_ip.rb:78:in `call'
  actionpack (4.2.5.1) lib/action_dispatch/middleware/debug_exceptions.rb:17:in `call'
  web-console (2.3.0) lib/web_console/middleware.rb:28:in `block in call'
  web-console (2.3.0) lib/web_console/middleware.rb:18:in `catch'
  web-console (2.3.0) lib/web_console/middleware.rb:18:in `call'
  actionpack (4.2.5.1) lib/action_dispatch/middleware/show_exceptions.rb:30:in `call'
  railties (4.2.5.1) lib/rails/rack/logger.rb:38:in `call_app'
  railties (4.2.5.1) lib/rails/rack/logger.rb:20:in `block in call'
  activesupport (4.2.5.1) lib/active_support/tagged_logging.rb:68:in `block in tagged'
  activesupport (4.2.5.1) lib/active_support/tagged_logging.rb:26:in `tagged'
  activesupport (4.2.5.1) lib/active_support/tagged_logging.rb:68:in `tagged'
  railties (4.2.5.1) lib/rails/rack/logger.rb:20:in `call'
  actionpack (4.2.5.1) lib/action_dispatch/middleware/request_id.rb:21:in `call'
  rack (1.6.4) lib/rack/methodoverride.rb:22:in `call'
  rack (1.6.4) lib/rack/runtime.rb:18:in `call'
  activesupport (4.2.5.1) lib/active_support/cache/strategy/local_cache_middleware.rb:28:in `call'
  rack (1.6.4) lib/rack/lock.rb:17:in `call'
  actionpack (4.2.5.1) lib/action_dispatch/middleware/static.rb:116:in `call'
  rack (1.6.4) lib/rack/sendfile.rb:113:in `call'
  railties (4.2.5.1) lib/rails/engine.rb:518:in `call'
  railties (4.2.5.1) lib/rails/application.rb:165:in `call'
  rack (1.6.4) lib/rack/lock.rb:17:in `call'
  rack (1.6.4) lib/rack/content_length.rb:15:in `call'
  rack (1.6.4) lib/rack/handler/webrick.rb:88:in `service'
  C:/RailsInstaller/Ruby2.2.0/lib/ruby/2.2.0/webrick/httpserver.rb:138:in `service'
  C:/RailsInstaller/Ruby2.2.0/lib/ruby/2.2.0/webrick/httpserver.rb:94:in `run'
  C:/RailsInstaller/Ruby2.2.0/lib/ruby/2.2.0/webrick/server.rb:294:in `block in start_thread'


  Rendered C:/RailsInstaller/Ruby2.2.0/lib/ruby/gems/2.2.0/gems/actionpack-4.2.5.1/lib/action_dispatch/middleware/templates/rescues/_source.erb (10.0ms)
  Rendered C:/RailsInstaller/Ruby2.2.0/lib/ruby/gems/2.2.0/gems/actionpack-4.2.5.1/lib/action_dispatch/middleware/templates/rescues/_trace.html.erb (7.0ms)
  Rendered C:/RailsInstaller/Ruby2.2.0/lib/ruby/gems/2.2.0/gems/actionpack-4.2.5.1/lib/action_dispatch/middleware/templates/rescues/_request_and_response.html.erb (3.0ms)
  Rendered C:/RailsInstaller/Ruby2.2.0/lib/ruby/gems/2.2.0/gems/actionpack-4.2.5.1/lib/action_dispatch/middleware/templates/rescues/diagnostics.html.erb within rescues/layout (12330.0ms)
  Rendered C:/RailsInstaller/Ruby2.2.0/lib/ruby/gems/2.2.0/gems/web-console-2.3.0/lib/web_console/templates/_markup.html.erb (1.0ms)
  Rendered C:/RailsInstaller/Ruby2.2.0/lib/ruby/gems/2.2.0/gems/web-console-2.3.0/lib/web_console/templates/_inner_console_markup.html.erb within layouts/inlined_string (3.0ms)
  Rendered C:/RailsInstaller/Ruby2.2.0/lib/ruby/gems/2.2.0/gems/web-console-2.3.0/lib/web_console/templates/_prompt_box_markup.html.erb within layouts/inlined_string (1.0ms)
  Rendered C:/RailsInstaller/Ruby2.2.0/lib/ruby/gems/2.2.0/gems/web-console-2.3.0/lib/web_console/templates/style.css.erb within layouts/inlined_string (1.0ms)
  Rendered C:/RailsInstaller/Ruby2.2.0/lib/ruby/gems/2.2.0/gems/web-console-2.3.0/lib/web_console/templates/console.js.erb within layouts/javascript (13666.3ms)
  Rendered C:/RailsInstaller/Ruby2.2.0/lib/ruby/gems/2.2.0/gems/web-console-2.3.0/lib/web_console/templates/main.js.erb within layouts/javascript (2.0ms)
  Rendered C:/RailsInstaller/Ruby2.2.0/lib/ruby/gems/2.2.0/gems/web-console-2.3.0/lib/web_console/templates/error_page.js.erb within layouts/javascript (4.0ms)
  Rendered C:/RailsInstaller/Ruby2.2.0/lib/ruby/gems/2.2.0/gems/web-console-2.3.0/lib/web_console/templates/index.html.erb (29389.7ms)
  [1m[36m (150.2ms)[0m  [1mCREATE TABLE "schema_migrations" ("version" varchar NOT NULL) [0m
  [1m[35m (0.0ms)[0m  select sqlite_version(*)
  [1m[36m (70.1ms)[0m  [1mCREATE UNIQUE INDEX "unique_schema_migrations" ON "schema_migrations" ("version")[0m
  [1m[35mActiveRecord::SchemaMigration Load (0.0ms)[0m  SELECT "schema_migrations".* FROM "schema_migrations"
Migrating to CreateLocations (20160628173250)
  [1m[36m (0.0ms)[0m  [1mbegin transaction[0m
  [1m[35m (3.0ms)[0m  CREATE TABLE "locations" ("id" INTEGER PRIMARY KEY AUTOINCREMENT NOT NULL, "address" varchar, "latitude" float, "longitude" float, "created_at" datetime NOT NULL, "updated_at" datetime NOT NULL) 
  [1m[36mSQL (0.0ms)[0m  [1mINSERT INTO "schema_migrations" ("version") VALUES (?)[0m  [["version", "20160628173250"]]
  [1m[35m (155.2ms)[0m  commit transaction
  [1m[36mActiveRecord::SchemaMigration Load (1.0ms)[0m  [1mSELECT "schema_migrations".* FROM "schema_migrations"[0m


Started GET "/locations" for 127.0.0.1 at 2016-06-28 13:27:03 -0500
  [1m[36mActiveRecord::SchemaMigration Load (3.0ms)[0m  [1mSELECT "schema_migrations".* FROM "schema_migrations"[0m
Processing by LocationsController#index as HTML
Completed 500 Internal Server Error in 262ms (ActiveRecord: 4.0ms)

NoMethodError (undefined method `attr_accessible' for #<Class:0x53c56e0>):
  app/models/location.rb:2:in `<class:Location>'
  app/models/location.rb:1:in `<top (required)>'
  app/controllers/locations_controller.rb:7:in `index'


  Rendered C:/RailsInstaller/Ruby2.2.0/lib/ruby/gems/2.2.0/gems/actionpack-4.2.5.1/lib/action_dispatch/middleware/templates/rescues/_source.erb (8.0ms)
  Rendered C:/RailsInstaller/Ruby2.2.0/lib/ruby/gems/2.2.0/gems/actionpack-4.2.5.1/lib/action_dispatch/middleware/templates/rescues/_trace.html.erb (13.0ms)
  Rendered C:/RailsInstaller/Ruby2.2.0/lib/ruby/gems/2.2.0/gems/actionpack-4.2.5.1/lib/action_dispatch/middleware/templates/rescues/_request_and_response.html.erb (2.0ms)
  Rendered C:/RailsInstaller/Ruby2.2.0/lib/ruby/gems/2.2.0/gems/actionpack-4.2.5.1/lib/action_dispatch/middleware/templates/rescues/diagnostics.html.erb within rescues/layout (12671.6ms)
  Rendered C:/RailsInstaller/Ruby2.2.0/lib/ruby/gems/2.2.0/gems/web-console-2.3.0/lib/web_console/templates/_markup.html.erb (1.0ms)
  Rendered C:/RailsInstaller/Ruby2.2.0/lib/ruby/gems/2.2.0/gems/web-console-2.3.0/lib/web_console/templates/_inner_console_markup.html.erb within layouts/inlined_string (1.0ms)
  Rendered C:/RailsInstaller/Ruby2.2.0/lib/ruby/gems/2.2.0/gems/web-console-2.3.0/lib/web_console/templates/_prompt_box_markup.html.erb within layouts/inlined_string (3.0ms)
  Rendered C:/RailsInstaller/Ruby2.2.0/lib/ruby/gems/2.2.0/gems/web-console-2.3.0/lib/web_console/templates/style.css.erb within layouts/inlined_string (4.0ms)
  Rendered C:/RailsInstaller/Ruby2.2.0/lib/ruby/gems/2.2.0/gems/web-console-2.3.0/lib/web_console/templates/console.js.erb within layouts/javascript (15324.8ms)
  Rendered C:/RailsInstaller/Ruby2.2.0/lib/ruby/gems/2.2.0/gems/web-console-2.3.0/lib/web_console/templates/main.js.erb within layouts/javascript (1.0ms)
  Rendered C:/RailsInstaller/Ruby2.2.0/lib/ruby/gems/2.2.0/gems/web-console-2.3.0/lib/web_console/templates/error_page.js.erb within layouts/javascript (2.0ms)
  Rendered C:/RailsInstaller/Ruby2.2.0/lib/ruby/gems/2.2.0/gems/web-console-2.3.0/lib/web_console/templates/index.html.erb (33480.5ms)


Started GET "/locations" for ::1 at 2016-06-28 13:30:32 -0500
Processing by LocationsController#index as HTML
  [1m[35mLocation Load (2.0ms)[0m  SELECT "locations".* FROM "locations"
  Rendered locations/index.html.erb within layouts/application (18.0ms)
Completed 200 OK in 11613ms (Views: 11379.3ms | ActiveRecord: 4.0ms)


Started GET "/assets/locations.self-e3b0c44298fc1c149afbf4c8996fb92427ae41e4649b934ca495991b7852b855.css?body=1" for ::1 at 2016-06-28 13:30:45 -0500


Started GET "/assets/scaffolds.self-652af9c5f6bd757b963f13dfd98922ceb44364af9b24f11e36fb9a7fc5312ec6.css?body=1" for ::1 at 2016-06-28 13:30:45 -0500


Started GET "/assets/application.self-e80e8f2318043e8af94dddc2adad5a4f09739a8ebb323b3ab31cd71d45fd9113.css?body=1" for ::1 at 2016-06-28 13:30:45 -0500


Started GET "/assets/jquery.self-660adc51e0224b731d29f575a6f1ec167ba08ad06ed5deca4f1e8654c135bf4c.js?body=1" for ::1 at 2016-06-28 13:30:45 -0500


Started GET "/assets/locations.self-877aef30ae1b040ab8a3aba4e3e309a11d7f2612f44dde450b5c157aa5f95c05.js?body=1" for ::1 at 2016-06-28 13:30:45 -0500


Started GET "/assets/jquery_ujs.self-e87806d0cf4489aeb1bb7288016024e8de67fd18db693fe026fe3907581e53cd.js?body=1" for ::1 at 2016-06-28 13:30:45 -0500


Started GET "/assets/turbolinks.self-c37727e9bd6b2735da5c311aa83fead54ed0be6cc8bd9a65309e9c5abe2cbfff.js?body=1" for ::1 at 2016-06-28 13:30:45 -0500


Started GET "/assets/application.self-3b8dabdc891efe46b9a144b400ad69e37d7e5876bdc39dee783419a69d7ca819.js?body=1" for ::1 at 2016-06-28 13:30:45 -0500


Started GET "/locations/new" for ::1 at 2016-06-28 13:31:03 -0500
Processing by LocationsController#new as HTML
  Rendered locations/_form.html.erb (560.7ms)
  Rendered locations/new.html.erb within layouts/application (863.7ms)
Completed 200 OK in 2610ms (Views: 2488.8ms | ActiveRecord: 4.8ms)


Started POST "/locations" for ::1 at 2016-06-28 13:32:05 -0500
Processing by LocationsController#create as HTML
  Parameters: {"utf8"=>"✓", "authenticity_token"=>"1kbXLGPzLhjp7ax/XMzdCOUfdgatidDA7bMaxnOJoAK3Ykpap7g1fQoWpM2yjjIhPDD1k2YsSHRGBtRedkDe7w==", "location"=>{"address"=>"Dolores Hidalgo", "latitude"=>"4", "longitude"=>"1"}, "commit"=>"Create Location"}
  [1m[36m (2.0ms)[0m  [1mbegin transaction[0m
  [1m[35mSQL (9.0ms)[0m  INSERT INTO "locations" ("address", "latitude", "longitude", "created_at", "updated_at") VALUES (?, ?, ?, ?, ?)  [["address", "Dolores Hidalgo"], ["latitude", 21.151597], ["longitude", -100.9367183], ["created_at", "2016-06-28 18:32:08.569898"], ["updated_at", "2016-06-28 18:32:08.569898"]]
  [1m[36m (126.5ms)[0m  [1mcommit transaction[0m
Redirected to http://localhost:3000/locations/1
Completed 302 Found in 2799ms (ActiveRecord: 137.5ms)


Started GET "/locations/1" for ::1 at 2016-06-28 13:32:08 -0500
Processing by LocationsController#show as HTML
  Parameters: {"id"=>"1"}
  [1m[35mLocation Load (3.0ms)[0m  SELECT  "locations".* FROM "locations" WHERE "locations"."id" = ? LIMIT 1  [["id", 1]]
  Rendered locations/show.html.erb within layouts/application (10.0ms)
Completed 200 OK in 1509ms (Views: 1226.8ms | ActiveRecord: 3.0ms)


Started GET "/locations/1/edit" for ::1 at 2016-06-28 13:32:20 -0500
Processing by LocationsController#edit as HTML
  Parameters: {"id"=>"1"}
  [1m[36mLocation Load (2.0ms)[0m  [1mSELECT  "locations".* FROM "locations" WHERE "locations"."id" = ? LIMIT 1[0m  [["id", 1]]
  Rendered locations/_form.html.erb (14.0ms)
  Rendered locations/edit.html.erb within layouts/application (452.7ms)
Completed 200 OK in 1954ms (Views: 1937.4ms | ActiveRecord: 2.0ms)


Started PATCH "/locations/1" for ::1 at 2016-06-28 13:32:30 -0500
Processing by LocationsController#update as HTML
  Parameters: {"utf8"=>"✓", "authenticity_token"=>"8QUzx9R2capVfrYFZStIKGbeNVgYbuMe2jdUc0QJ0saQIa6xED1qz7aFvreLaacBv/G2zdPLe6pxgprrQcCsKw==", "location"=>{"address"=>"Dolores Hidalgo CIN", "latitude"=>"21.151597", "longitude"=>"-100.9367183"}, "commit"=>"Update Location", "id"=>"1"}
  [1m[35mLocation Load (1.0ms)[0m  SELECT  "locations".* FROM "locations" WHERE "locations"."id" = ? LIMIT 1  [["id", 1]]
  [1m[36m (0.0ms)[0m  [1mbegin transaction[0m
  [1m[35mSQL (8.0ms)[0m  UPDATE "locations" SET "address" = ?, "updated_at" = ? WHERE "locations"."id" = ?  [["address", "Dolores Hidalgo CIN"], ["updated_at", "2016-06-28 18:32:31.525404"], ["id", 1]]
  [1m[36m (275.3ms)[0m  [1mcommit transaction[0m
Redirected to http://localhost:3000/locations/1
Completed 302 Found in 736ms (ActiveRecord: 284.3ms)


Started GET "/locations/1" for ::1 at 2016-06-28 13:32:31 -0500
Processing by LocationsController#show as HTML
  Parameters: {"id"=>"1"}
  [1m[35mLocation Load (2.0ms)[0m  SELECT  "locations".* FROM "locations" WHERE "locations"."id" = ? LIMIT 1  [["id", 1]]
  Rendered locations/show.html.erb within layouts/application (3.0ms)
Completed 200 OK in 1277ms (Views: 1254.1ms | ActiveRecord: 2.0ms)


Started GET "/locations" for ::1 at 2016-06-28 13:33:06 -0500
Processing by LocationsController#index as HTML
  [1m[36mLocation Load (4.0ms)[0m  [1mSELECT "locations".* FROM "locations"[0m
  Rendered locations/index.html.erb within layouts/application (34.0ms)
Completed 200 OK in 675ms (Views: 639.5ms | ActiveRecord: 6.0ms)


Started GET "/locations/1" for ::1 at 2016-06-28 13:33:11 -0500
Processing by LocationsController#show as HTML
  Parameters: {"id"=>"1"}
  [1m[35mLocation Load (2.0ms)[0m  SELECT  "locations".* FROM "locations" WHERE "locations"."id" = ? LIMIT 1  [["id", 1]]
  Rendered locations/show.html.erb within layouts/application (10.0ms)
Completed 200 OK in 1231ms (Views: 1218.0ms | ActiveRecord: 2.0ms)


Started GET "/locations/1" for ::1 at 2016-06-28 13:34:16 -0500
Processing by LocationsController#show as HTML
  Parameters: {"id"=>"1"}
  [1m[36mLocation Load (0.0ms)[0m  [1mSELECT  "locations".* FROM "locations" WHERE "locations"."id" = ? LIMIT 1[0m  [["id", 1]]
  [1m[35mLocation Load (1.2ms)[0m  SELECT locations.*, (69.09332411348201 * ABS(locations.latitude - 21.151597) * 0.7071067811865475) + (59.836573914187355 * ABS(locations.longitude - -100.9367183) * 0.7071067811865475) AS distance, CASE WHEN (locations.latitude >= 21.151597 AND locations.longitude >= -100.9367183) THEN  45.0 WHEN (locations.latitude <  21.151597 AND locations.longitude >= -100.9367183) THEN 135.0 WHEN (locations.latitude <  21.151597 AND locations.longitude <  -100.9367183) THEN 225.0 WHEN (locations.latitude >= 21.151597 AND locations.longitude <  -100.9367183) THEN 315.0 END AS bearing FROM "locations" WHERE (locations.latitude BETWEEN 21.00686521688915 AND 21.296328783110848 AND locations.longitude BETWEEN -101.09190518395651 AND -100.78153141604348 AND locations.id != 1)  ORDER BY distance ASC
  Rendered locations/show.html.erb within layouts/application (177.3ms)
Completed 500 Internal Server Error in 451ms (ActiveRecord: 1.2ms)

ActionView::Template::Error (undefined method `title' for #<#<Class:0x80cf8f8>:0x5731cb0>):
    2: <% for location in @location.nearbys(10) %>
    3:   <li><%= link_to location.address, location %> (<%= location.distance.round(2) %> miles)</li>
    4: <% end %>
    5: </ul<% title "Location" %>
    6: 
    7: <p>
    8:   <strong>Address:</strong>
  app/views/locations/show.html.erb:5:in `_app_views_locations_show_html_erb__725419736_45638772'


  Rendered C:/RailsInstaller/Ruby2.2.0/lib/ruby/gems/2.2.0/gems/actionpack-4.2.5.1/lib/action_dispatch/middleware/templates/rescues/_source.erb (3.1ms)
  Rendered C:/RailsInstaller/Ruby2.2.0/lib/ruby/gems/2.2.0/gems/actionpack-4.2.5.1/lib/action_dispatch/middleware/templates/rescues/_trace.html.erb (38.1ms)
  Rendered C:/RailsInstaller/Ruby2.2.0/lib/ruby/gems/2.2.0/gems/actionpack-4.2.5.1/lib/action_dispatch/middleware/templates/rescues/_request_and_response.html.erb (12.0ms)
  Rendered C:/RailsInstaller/Ruby2.2.0/lib/ruby/gems/2.2.0/gems/actionpack-4.2.5.1/lib/action_dispatch/middleware/templates/rescues/template_error.html.erb within rescues/layout (17205.3ms)
  Rendered C:/RailsInstaller/Ruby2.2.0/lib/ruby/gems/2.2.0/gems/web-console-2.3.0/lib/web_console/templates/_markup.html.erb (1.0ms)
  Rendered C:/RailsInstaller/Ruby2.2.0/lib/ruby/gems/2.2.0/gems/web-console-2.3.0/lib/web_console/templates/_inner_console_markup.html.erb within layouts/inlined_string (1.0ms)
  Rendered C:/RailsInstaller/Ruby2.2.0/lib/ruby/gems/2.2.0/gems/web-console-2.3.0/lib/web_console/templates/_prompt_box_markup.html.erb within layouts/inlined_string (1.0ms)
  Rendered C:/RailsInstaller/Ruby2.2.0/lib/ruby/gems/2.2.0/gems/web-console-2.3.0/lib/web_console/templates/style.css.erb within layouts/inlined_string (1.0ms)
  Rendered C:/RailsInstaller/Ruby2.2.0/lib/ruby/gems/2.2.0/gems/web-console-2.3.0/lib/web_console/templates/console.js.erb within layouts/javascript (10496.7ms)
  Rendered C:/RailsInstaller/Ruby2.2.0/lib/ruby/gems/2.2.0/gems/web-console-2.3.0/lib/web_console/templates/main.js.erb within layouts/javascript (6.0ms)
  Rendered C:/RailsInstaller/Ruby2.2.0/lib/ruby/gems/2.2.0/gems/web-console-2.3.0/lib/web_console/templates/error_page.js.erb within layouts/javascript (4.0ms)
  Rendered C:/RailsInstaller/Ruby2.2.0/lib/ruby/gems/2.2.0/gems/web-console-2.3.0/lib/web_console/templates/index.html.erb (24657.7ms)


Started GET "/locations" for ::1 at 2016-06-28 13:36:36 -0500
Processing by LocationsController#index as HTML
  [1m[36mLocation Load (1.0ms)[0m  [1mSELECT "locations".* FROM "locations"[0m
  Rendered locations/index.html.erb within layouts/application (6.0ms)
Completed 200 OK in 596ms (Views: 591.6ms | ActiveRecord: 1.0ms)


Started GET "/locations" for ::1 at 2016-06-28 13:39:50 -0500
Processing by LocationsController#index as HTML
  [1m[35mLocation Load (1.0ms)[0m  SELECT "locations".* FROM "locations"
  Rendered locations/index.html.erb within layouts/application (7.0ms)
Completed 200 OK in 1152ms (Views: 1146.3ms | ActiveRecord: 1.0ms)


Started GET "/locations/1" for ::1 at 2016-06-28 13:39:54 -0500
Processing by LocationsController#show as HTML
  Parameters: {"id"=>"1"}
  [1m[36mLocation Load (2.0ms)[0m  [1mSELECT  "locations".* FROM "locations" WHERE "locations"."id" = ? LIMIT 1[0m  [["id", 1]]
  [1m[35mLocation Load (2.0ms)[0m  SELECT locations.*, (69.09332411348201 * ABS(locations.latitude - 21.151597) * 0.7071067811865475) + (59.836573914187355 * ABS(locations.longitude - -100.9367183) * 0.7071067811865475) AS distance, CASE WHEN (locations.latitude >= 21.151597 AND locations.longitude >= -100.9367183) THEN  45.0 WHEN (locations.latitude <  21.151597 AND locations.longitude >= -100.9367183) THEN 135.0 WHEN (locations.latitude <  21.151597 AND locations.longitude <  -100.9367183) THEN 225.0 WHEN (locations.latitude >= 21.151597 AND locations.longitude <  -100.9367183) THEN 315.0 END AS bearing FROM "locations" WHERE (locations.latitude BETWEEN 21.00686521688915 AND 21.296328783110848 AND locations.longitude BETWEEN -101.09190518395651 AND -100.78153141604348 AND locations.id != 1)  ORDER BY distance ASC
  Rendered locations/show.html.erb within layouts/application (20.0ms)
Completed 200 OK in 928ms (Views: 908.4ms | ActiveRecord: 4.0ms)


Started DELETE "/locations/1" for ::1 at 2016-06-28 13:40:02 -0500
Processing by LocationsController#destroy as HTML
  Parameters: {"authenticity_token"=>"aXafHC0CukwiEZNKV+TVo3jqr0VgXXSFxiZjTUDnxmUIUgJq6UmhKcHqm/i5pjqKocUs0Kv47DFtk63VRS64iA==", "id"=>"1"}
  [1m[36mLocation Load (3.0ms)[0m  [1mSELECT  "locations".* FROM "locations" WHERE "locations"."id" = ? LIMIT 1[0m  [["id", 1]]
  [1m[35m (0.0ms)[0m  begin transaction
  [1m[36mSQL (5.0ms)[0m  [1mDELETE FROM "locations" WHERE "locations"."id" = ?[0m  [["id", 1]]
  [1m[35m (186.6ms)[0m  commit transaction
Redirected to http://localhost:3000/locations
Completed 302 Found in 231ms (ActiveRecord: 194.6ms)


Started GET "/locations" for ::1 at 2016-06-28 13:40:02 -0500
Processing by LocationsController#index as HTML
  [1m[36mLocation Load (1.0ms)[0m  [1mSELECT "locations".* FROM "locations"[0m
  Rendered locations/index.html.erb within layouts/application (6.0ms)
Completed 200 OK in 1055ms (Views: 1049.5ms | ActiveRecord: 1.0ms)


Started GET "/locations/new" for ::1 at 2016-06-28 13:40:07 -0500
Processing by LocationsController#new as HTML
  Rendered locations/_form.html.erb (13.0ms)
  Rendered locations/new.html.erb within layouts/application (550.8ms)
Completed 200 OK in 1495ms (Views: 1490.5ms | ActiveRecord: 0.0ms)


Started POST "/locations" for ::1 at 2016-06-28 13:40:17 -0500
Processing by LocationsController#create as HTML
  Parameters: {"utf8"=>"✓", "authenticity_token"=>"Qg61+Ja8wN+SsxZSHfBVvuagobo/G/yboMdWGHw8tFMjKiiOUvfbunFIHuDzsrqXP48iL/S+ZC8LcpiAefXKvg==", "location"=>{"address"=>"Dolores Hidalgo", "latitude"=>"4", "longitude"=>"2"}, "commit"=>"Create Location"}
  [1m[35m (1.0ms)[0m  begin transaction
  [1m[36mSQL (3.0ms)[0m  [1mINSERT INTO "locations" ("address", "latitude", "longitude", "created_at", "updated_at") VALUES (?, ?, ?, ?, ?)[0m  [["address", "Dolores Hidalgo"], ["latitude", 21.151597], ["longitude", -100.9367183], ["created_at", "2016-06-28 18:40:18.239081"], ["updated_at", "2016-06-28 18:40:18.239081"]]
  [1m[35m (213.2ms)[0m  commit transaction
Redirected to http://localhost:3000/locations/2
Completed 302 Found in 477ms (ActiveRecord: 217.2ms)


Started GET "/locations/2" for ::1 at 2016-06-28 13:40:18 -0500
Processing by LocationsController#show as HTML
  Parameters: {"id"=>"2"}
  [1m[36mLocation Load (2.0ms)[0m  [1mSELECT  "locations".* FROM "locations" WHERE "locations"."id" = ? LIMIT 1[0m  [["id", 2]]
  [1m[35mLocation Load (2.0ms)[0m  SELECT locations.*, (69.09332411348201 * ABS(locations.latitude - 21.151597) * 0.7071067811865475) + (59.836573914187355 * ABS(locations.longitude - -100.9367183) * 0.7071067811865475) AS distance, CASE WHEN (locations.latitude >= 21.151597 AND locations.longitude >= -100.9367183) THEN  45.0 WHEN (locations.latitude <  21.151597 AND locations.longitude >= -100.9367183) THEN 135.0 WHEN (locations.latitude <  21.151597 AND locations.longitude <  -100.9367183) THEN 225.0 WHEN (locations.latitude >= 21.151597 AND locations.longitude <  -100.9367183) THEN 315.0 END AS bearing FROM "locations" WHERE (locations.latitude BETWEEN 21.00686521688915 AND 21.296328783110848 AND locations.longitude BETWEEN -101.09190518395651 AND -100.78153141604348 AND locations.id != 2)  ORDER BY distance ASC
  Rendered locations/show.html.erb within layouts/application (21.0ms)
Completed 200 OK in 1245ms (Views: 1224.8ms | ActiveRecord: 4.0ms)


Started GET "/locations/2" for ::1 at 2016-06-28 13:41:15 -0500
Processing by LocationsController#show as HTML
  Parameters: {"id"=>"2"}
  [1m[36mLocation Load (1.0ms)[0m  [1mSELECT  "locations".* FROM "locations" WHERE "locations"."id" = ? LIMIT 1[0m  [["id", 2]]
  [1m[35mLocation Load (1.0ms)[0m  SELECT locations.*, (69.09332411348201 * ABS(locations.latitude - 21.151597) * 0.7071067811865475) + (59.836573914187355 * ABS(locations.longitude - -100.9367183) * 0.7071067811865475) AS distance, CASE WHEN (locations.latitude >= 21.151597 AND locations.longitude >= -100.9367183) THEN  45.0 WHEN (locations.latitude <  21.151597 AND locations.longitude >= -100.9367183) THEN 135.0 WHEN (locations.latitude <  21.151597 AND locations.longitude <  -100.9367183) THEN 225.0 WHEN (locations.latitude >= 21.151597 AND locations.longitude <  -100.9367183) THEN 315.0 END AS bearing FROM "locations" WHERE (locations.latitude BETWEEN 21.00686521688915 AND 21.296328783110848 AND locations.longitude BETWEEN -101.09190518395651 AND -100.78153141604348 AND locations.id != 2)  ORDER BY distance ASC
  Rendered locations/show.html.erb within layouts/application (132.6ms)
Completed 500 Internal Server Error in 460ms (ActiveRecord: 2.0ms)

ActionView::Template::Error (undefined method `title' for #<#<Class:0x80cf8f8>:0x85923a8>):
    2: <% for location in @location.nearbys(10) %>
    3:   <li><%= link_to location.address, location %> (<%= location.distance.round(2) %> miles)</li>
    4: <% end %>
    5: </ul<% title "Location" %>
    6: 
    7: <p id="notice"><%= notice %></p>
    8: 
  app/views/locations/show.html.erb:5:in `_app_views_locations_show_html_erb__725419736_70028316'


  Rendered C:/RailsInstaller/Ruby2.2.0/lib/ruby/gems/2.2.0/gems/actionpack-4.2.5.1/lib/action_dispatch/middleware/templates/rescues/_source.erb (8.0ms)
  Rendered C:/RailsInstaller/Ruby2.2.0/lib/ruby/gems/2.2.0/gems/actionpack-4.2.5.1/lib/action_dispatch/middleware/templates/rescues/_trace.html.erb (78.1ms)
  Rendered C:/RailsInstaller/Ruby2.2.0/lib/ruby/gems/2.2.0/gems/actionpack-4.2.5.1/lib/action_dispatch/middleware/templates/rescues/_request_and_response.html.erb (9.0ms)
  Rendered C:/RailsInstaller/Ruby2.2.0/lib/ruby/gems/2.2.0/gems/actionpack-4.2.5.1/lib/action_dispatch/middleware/templates/rescues/template_error.html.erb within rescues/layout (14528.8ms)
  Rendered C:/RailsInstaller/Ruby2.2.0/lib/ruby/gems/2.2.0/gems/web-console-2.3.0/lib/web_console/templates/_markup.html.erb (4.0ms)
  Rendered C:/RailsInstaller/Ruby2.2.0/lib/ruby/gems/2.2.0/gems/web-console-2.3.0/lib/web_console/templates/_inner_console_markup.html.erb within layouts/inlined_string (1.0ms)
  Rendered C:/RailsInstaller/Ruby2.2.0/lib/ruby/gems/2.2.0/gems/web-console-2.3.0/lib/web_console/templates/_prompt_box_markup.html.erb within layouts/inlined_string (0.0ms)
  Rendered C:/RailsInstaller/Ruby2.2.0/lib/ruby/gems/2.2.0/gems/web-console-2.3.0/lib/web_console/templates/style.css.erb within layouts/inlined_string (3.0ms)
  Rendered C:/RailsInstaller/Ruby2.2.0/lib/ruby/gems/2.2.0/gems/web-console-2.3.0/lib/web_console/templates/console.js.erb within layouts/javascript (9945.0ms)
  Rendered C:/RailsInstaller/Ruby2.2.0/lib/ruby/gems/2.2.0/gems/web-console-2.3.0/lib/web_console/templates/main.js.erb within layouts/javascript (2.0ms)
  Rendered C:/RailsInstaller/Ruby2.2.0/lib/ruby/gems/2.2.0/gems/web-console-2.3.0/lib/web_console/templates/error_page.js.erb within layouts/javascript (1.0ms)
  Rendered C:/RailsInstaller/Ruby2.2.0/lib/ruby/gems/2.2.0/gems/web-console-2.3.0/lib/web_console/templates/index.html.erb (24525.6ms)


Started GET "/locations" for ::1 at 2016-06-28 13:42:05 -0500
Processing by LocationsController#index as HTML
  [1m[36mLocation Load (2.0ms)[0m  [1mSELECT "locations".* FROM "locations"[0m
  Rendered locations/index.html.erb within layouts/application (23.8ms)
Completed 200 OK in 1436ms (Views: 1432.4ms | ActiveRecord: 2.0ms)


Started GET "/locations/2" for ::1 at 2016-06-28 13:43:31 -0500
Processing by LocationsController#show as HTML
  Parameters: {"id"=>"2"}
  [1m[35mLocation Load (3.0ms)[0m  SELECT  "locations".* FROM "locations" WHERE "locations"."id" = ? LIMIT 1  [["id", 2]]
  [1m[36mLocation Load (2.0ms)[0m  [1mSELECT locations.*, (69.09332411348201 * ABS(locations.latitude - 21.151597) * 0.7071067811865475) + (59.836573914187355 * ABS(locations.longitude - -100.9367183) * 0.7071067811865475) AS distance, CASE WHEN (locations.latitude >= 21.151597 AND locations.longitude >= -100.9367183) THEN  45.0 WHEN (locations.latitude <  21.151597 AND locations.longitude >= -100.9367183) THEN 135.0 WHEN (locations.latitude <  21.151597 AND locations.longitude <  -100.9367183) THEN 225.0 WHEN (locations.latitude >= 21.151597 AND locations.longitude <  -100.9367183) THEN 315.0 END AS bearing FROM "locations" WHERE (locations.latitude BETWEEN 21.00686521688915 AND 21.296328783110848 AND locations.longitude BETWEEN -101.09190518395651 AND -100.78153141604348 AND locations.id != 2)  ORDER BY distance ASC[0m
  [1m[35mCACHE (0.0ms)[0m  SELECT locations.*, (69.09332411348201 * ABS(locations.latitude - 21.151597) * 0.7071067811865475) + (59.836573914187355 * ABS(locations.longitude - -100.9367183) * 0.7071067811865475) AS distance, CASE WHEN (locations.latitude >= 21.151597 AND locations.longitude >= -100.9367183) THEN  45.0 WHEN (locations.latitude <  21.151597 AND locations.longitude >= -100.9367183) THEN 135.0 WHEN (locations.latitude <  21.151597 AND locations.longitude <  -100.9367183) THEN 225.0 WHEN (locations.latitude >= 21.151597 AND locations.longitude <  -100.9367183) THEN 315.0 END AS bearing FROM "locations" WHERE (locations.latitude BETWEEN 21.00686521688915 AND 21.296328783110848 AND locations.longitude BETWEEN -101.09190518395651 AND -100.78153141604348 AND locations.id != 2)  ORDER BY distance ASC
  Rendered locations/show.html.erb within layouts/application (20.0ms)
Completed 200 OK in 811ms (Views: 796.8ms | ActiveRecord: 5.0ms)


Started GET "/locations/2" for ::1 at 2016-06-28 13:58:55 -0500
Processing by LocationsController#show as HTML
  Parameters: {"id"=>"2"}
  [1m[36mLocation Load (0.0ms)[0m  [1mSELECT  "locations".* FROM "locations" WHERE "locations"."id" = ? LIMIT 1[0m  [["id", 2]]
  [1m[35mLocation Load (3.0ms)[0m  SELECT locations.*, (69.09332411348201 * ABS(locations.latitude - 21.151597) * 0.7071067811865475) + (59.836573914187355 * ABS(locations.longitude - -100.9367183) * 0.7071067811865475) AS distance, CASE WHEN (locations.latitude >= 21.151597 AND locations.longitude >= -100.9367183) THEN  45.0 WHEN (locations.latitude <  21.151597 AND locations.longitude >= -100.9367183) THEN 135.0 WHEN (locations.latitude <  21.151597 AND locations.longitude <  -100.9367183) THEN 225.0 WHEN (locations.latitude >= 21.151597 AND locations.longitude <  -100.9367183) THEN 315.0 END AS bearing FROM "locations" WHERE (locations.latitude BETWEEN 21.00686521688915 AND 21.296328783110848 AND locations.longitude BETWEEN -101.09190518395651 AND -100.78153141604348 AND locations.id != 2)  ORDER BY distance ASC
  [1m[36mCACHE (1.0ms)[0m  [1mSELECT locations.*, (69.09332411348201 * ABS(locations.latitude - 21.151597) * 0.7071067811865475) + (59.836573914187355 * ABS(locations.longitude - -100.9367183) * 0.7071067811865475) AS distance, CASE WHEN (locations.latitude >= 21.151597 AND locations.longitude >= -100.9367183) THEN  45.0 WHEN (locations.latitude <  21.151597 AND locations.longitude >= -100.9367183) THEN 135.0 WHEN (locations.latitude <  21.151597 AND locations.longitude <  -100.9367183) THEN 225.0 WHEN (locations.latitude >= 21.151597 AND locations.longitude <  -100.9367183) THEN 315.0 END AS bearing FROM "locations" WHERE (locations.latitude BETWEEN 21.00686521688915 AND 21.296328783110848 AND locations.longitude BETWEEN -101.09190518395651 AND -100.78153141604348 AND locations.id != 2)  ORDER BY distance ASC[0m
  Rendered locations/show.html.erb within layouts/application (99.1ms)
Completed 200 OK in 1448ms (Views: 1438.1ms | ActiveRecord: 4.0ms)


Started GET "/locations" for ::1 at 2016-06-28 13:59:24 -0500
Processing by LocationsController#index as HTML
  [1m[35mLocation Load (1.0ms)[0m  SELECT "locations".* FROM "locations"
  Rendered locations/index.html.erb within layouts/application (257.4ms)
Completed 500 Internal Server Error in 804ms (ActiveRecord: 1.0ms)

ActionView::Template::Error (undefined method `title' for #<#<Class:0x80cf8f8>:0x8806d40>):
    1: <% title "Locations" %>
    2: 
    3: <%= form_tag locations_path, :method => :get do %>
    4:   <p>
  app/views/locations/index.html.erb:1:in `_app_views_locations_index_html_erb___854617836_71315652'


  Rendered C:/RailsInstaller/Ruby2.2.0/lib/ruby/gems/2.2.0/gems/actionpack-4.2.5.1/lib/action_dispatch/middleware/templates/rescues/_source.erb (5.0ms)
  Rendered C:/RailsInstaller/Ruby2.2.0/lib/ruby/gems/2.2.0/gems/actionpack-4.2.5.1/lib/action_dispatch/middleware/templates/rescues/_trace.html.erb (80.1ms)
  Rendered C:/RailsInstaller/Ruby2.2.0/lib/ruby/gems/2.2.0/gems/actionpack-4.2.5.1/lib/action_dispatch/middleware/templates/rescues/_request_and_response.html.erb (3.0ms)
  Rendered C:/RailsInstaller/Ruby2.2.0/lib/ruby/gems/2.2.0/gems/actionpack-4.2.5.1/lib/action_dispatch/middleware/templates/rescues/template_error.html.erb within rescues/layout (13723.2ms)
  Rendered C:/RailsInstaller/Ruby2.2.0/lib/ruby/gems/2.2.0/gems/web-console-2.3.0/lib/web_console/templates/_markup.html.erb (1.0ms)
  Rendered C:/RailsInstaller/Ruby2.2.0/lib/ruby/gems/2.2.0/gems/web-console-2.3.0/lib/web_console/templates/_inner_console_markup.html.erb within layouts/inlined_string (3.0ms)
  Rendered C:/RailsInstaller/Ruby2.2.0/lib/ruby/gems/2.2.0/gems/web-console-2.3.0/lib/web_console/templates/_prompt_box_markup.html.erb within layouts/inlined_string (1.0ms)
  Rendered C:/RailsInstaller/Ruby2.2.0/lib/ruby/gems/2.2.0/gems/web-console-2.3.0/lib/web_console/templates/style.css.erb within layouts/inlined_string (3.0ms)
  Rendered C:/RailsInstaller/Ruby2.2.0/lib/ruby/gems/2.2.0/gems/web-console-2.3.0/lib/web_console/templates/console.js.erb within layouts/javascript (11581.0ms)
  Rendered C:/RailsInstaller/Ruby2.2.0/lib/ruby/gems/2.2.0/gems/web-console-2.3.0/lib/web_console/templates/main.js.erb within layouts/javascript (3.0ms)
  Rendered C:/RailsInstaller/Ruby2.2.0/lib/ruby/gems/2.2.0/gems/web-console-2.3.0/lib/web_console/templates/error_page.js.erb within layouts/javascript (1.0ms)
  Rendered C:/RailsInstaller/Ruby2.2.0/lib/ruby/gems/2.2.0/gems/web-console-2.3.0/lib/web_console/templates/index.html.erb (28939.1ms)


Started GET "/locations" for ::1 at 2016-06-28 14:00:14 -0500
Processing by LocationsController#index as HTML
  [1m[36mLocation Load (1.0ms)[0m  [1mSELECT "locations".* FROM "locations"[0m
  Rendered locations/index.html.erb within layouts/application (117.3ms)
Completed 500 Internal Server Error in 356ms (ActiveRecord: 1.0ms)

ActionView::Template::Error (undefined method `title' for #<#<Class:0x80cf8f8>:0x6dc4be0>):
    1: <% title "Locations" %>
    2: 
    3: <%= form_tag locations_path, :method => :get do %>
    4:   <p>
  app/views/locations/index.html.erb:1:in `_app_views_locations_index_html_erb___854617836_57538476'


  Rendered C:/RailsInstaller/Ruby2.2.0/lib/ruby/gems/2.2.0/gems/actionpack-4.2.5.1/lib/action_dispatch/middleware/templates/rescues/_source.erb (2.0ms)
  Rendered C:/RailsInstaller/Ruby2.2.0/lib/ruby/gems/2.2.0/gems/actionpack-4.2.5.1/lib/action_dispatch/middleware/templates/rescues/_trace.html.erb (15.0ms)
  Rendered C:/RailsInstaller/Ruby2.2.0/lib/ruby/gems/2.2.0/gems/actionpack-4.2.5.1/lib/action_dispatch/middleware/templates/rescues/_request_and_response.html.erb (2.8ms)
  Rendered C:/RailsInstaller/Ruby2.2.0/lib/ruby/gems/2.2.0/gems/actionpack-4.2.5.1/lib/action_dispatch/middleware/templates/rescues/template_error.html.erb within rescues/layout (11931.9ms)
  Rendered C:/RailsInstaller/Ruby2.2.0/lib/ruby/gems/2.2.0/gems/web-console-2.3.0/lib/web_console/templates/_markup.html.erb (3.0ms)
  Rendered C:/RailsInstaller/Ruby2.2.0/lib/ruby/gems/2.2.0/gems/web-console-2.3.0/lib/web_console/templates/_inner_console_markup.html.erb within layouts/inlined_string (1.0ms)
  Rendered C:/RailsInstaller/Ruby2.2.0/lib/ruby/gems/2.2.0/gems/web-console-2.3.0/lib/web_console/templates/_prompt_box_markup.html.erb within layouts/inlined_string (1.0ms)
  Rendered C:/RailsInstaller/Ruby2.2.0/lib/ruby/gems/2.2.0/gems/web-console-2.3.0/lib/web_console/templates/style.css.erb within layouts/inlined_string (3.0ms)
  Rendered C:/RailsInstaller/Ruby2.2.0/lib/ruby/gems/2.2.0/gems/web-console-2.3.0/lib/web_console/templates/console.js.erb within layouts/javascript (11733.7ms)
  Rendered C:/RailsInstaller/Ruby2.2.0/lib/ruby/gems/2.2.0/gems/web-console-2.3.0/lib/web_console/templates/main.js.erb within layouts/javascript (1.0ms)
  Rendered C:/RailsInstaller/Ruby2.2.0/lib/ruby/gems/2.2.0/gems/web-console-2.3.0/lib/web_console/templates/error_page.js.erb within layouts/javascript (1.0ms)
  Rendered C:/RailsInstaller/Ruby2.2.0/lib/ruby/gems/2.2.0/gems/web-console-2.3.0/lib/web_console/templates/index.html.erb (26143.2ms)


Started GET "/locations" for ::1 at 2016-06-28 14:01:04 -0500
Processing by LocationsController#index as HTML
  [1m[35mLocation Load (2.0ms)[0m  SELECT "locations".* FROM "locations"
  Rendered locations/index.html.erb within layouts/application (141.2ms)
Completed 500 Internal Server Error in 458ms (ActiveRecord: 3.0ms)

ActionView::Template::Error (undefined method `title' for #<#<Class:0x6b9bea8>:0x6b99958>):
    1: <% title "Locations" %>
    2: 
    3: <%= form_tag locations_path, :method => :get do %>
    4:   <p>
  app/views/locations/index.html.erb:1:in `_app_views_locations_index_html_erb___854617836_57538476'


  Rendered C:/RailsInstaller/Ruby2.2.0/lib/ruby/gems/2.2.0/gems/actionpack-4.2.5.1/lib/action_dispatch/middleware/templates/rescues/_source.erb (4.0ms)
  Rendered C:/RailsInstaller/Ruby2.2.0/lib/ruby/gems/2.2.0/gems/actionpack-4.2.5.1/lib/action_dispatch/middleware/templates/rescues/_trace.html.erb (43.1ms)
  Rendered C:/RailsInstaller/Ruby2.2.0/lib/ruby/gems/2.2.0/gems/actionpack-4.2.5.1/lib/action_dispatch/middleware/templates/rescues/_request_and_response.html.erb (5.0ms)
  Rendered C:/RailsInstaller/Ruby2.2.0/lib/ruby/gems/2.2.0/gems/actionpack-4.2.5.1/lib/action_dispatch/middleware/templates/rescues/template_error.html.erb within rescues/layout (9034.6ms)
  Rendered C:/RailsInstaller/Ruby2.2.0/lib/ruby/gems/2.2.0/gems/web-console-2.3.0/lib/web_console/templates/_markup.html.erb (2.0ms)
  Rendered C:/RailsInstaller/Ruby2.2.0/lib/ruby/gems/2.2.0/gems/web-console-2.3.0/lib/web_console/templates/_inner_console_markup.html.erb within layouts/inlined_string (3.0ms)
  Rendered C:/RailsInstaller/Ruby2.2.0/lib/ruby/gems/2.2.0/gems/web-console-2.3.0/lib/web_console/templates/_prompt_box_markup.html.erb within layouts/inlined_string (2.0ms)
  Rendered C:/RailsInstaller/Ruby2.2.0/lib/ruby/gems/2.2.0/gems/web-console-2.3.0/lib/web_console/templates/style.css.erb within layouts/inlined_string (3.0ms)
  Rendered C:/RailsInstaller/Ruby2.2.0/lib/ruby/gems/2.2.0/gems/web-console-2.3.0/lib/web_console/templates/console.js.erb within layouts/javascript (11365.7ms)
  Rendered C:/RailsInstaller/Ruby2.2.0/lib/ruby/gems/2.2.0/gems/web-console-2.3.0/lib/web_console/templates/main.js.erb within layouts/javascript (2.0ms)
  Rendered C:/RailsInstaller/Ruby2.2.0/lib/ruby/gems/2.2.0/gems/web-console-2.3.0/lib/web_console/templates/error_page.js.erb within layouts/javascript (2.0ms)
  Rendered C:/RailsInstaller/Ruby2.2.0/lib/ruby/gems/2.2.0/gems/web-console-2.3.0/lib/web_console/templates/index.html.erb (24620.6ms)


Started GET "/locations" for ::1 at 2016-06-28 14:01:45 -0500
Processing by LocationsController#index as HTML
  [1m[36mLocation Load (2.0ms)[0m  [1mSELECT "locations".* FROM "locations"[0m
  Rendered locations/index.html.erb within layouts/application (393.3ms)
Completed 500 Internal Server Error in 1321ms (ActiveRecord: 2.0ms)

ActionView::Template::Error (undefined method `title' for #<#<Class:0x6b9bea8>:0x623f820>):
    1: <% title "Locations" %>
    2: 
    3: <%= form_tag locations_path, :method => :get do %>
    4:   <p>
  app/views/locations/index.html.erb:1:in `_app_views_locations_index_html_erb___854617836_57538476'


  Rendered C:/RailsInstaller/Ruby2.2.0/lib/ruby/gems/2.2.0/gems/actionpack-4.2.5.1/lib/action_dispatch/middleware/templates/rescues/_source.erb (2.0ms)
  Rendered C:/RailsInstaller/Ruby2.2.0/lib/ruby/gems/2.2.0/gems/actionpack-4.2.5.1/lib/action_dispatch/middleware/templates/rescues/_trace.html.erb (20.0ms)
  Rendered C:/RailsInstaller/Ruby2.2.0/lib/ruby/gems/2.2.0/gems/actionpack-4.2.5.1/lib/action_dispatch/middleware/templates/rescues/_request_and_response.html.erb (12.0ms)
  Rendered C:/RailsInstaller/Ruby2.2.0/lib/ruby/gems/2.2.0/gems/actionpack-4.2.5.1/lib/action_dispatch/middleware/templates/rescues/template_error.html.erb within rescues/layout (13935.6ms)
  Rendered C:/RailsInstaller/Ruby2.2.0/lib/ruby/gems/2.2.0/gems/web-console-2.3.0/lib/web_console/templates/_markup.html.erb (1.0ms)
  Rendered C:/RailsInstaller/Ruby2.2.0/lib/ruby/gems/2.2.0/gems/web-console-2.3.0/lib/web_console/templates/_inner_console_markup.html.erb within layouts/inlined_string (3.0ms)
  Rendered C:/RailsInstaller/Ruby2.2.0/lib/ruby/gems/2.2.0/gems/web-console-2.3.0/lib/web_console/templates/_prompt_box_markup.html.erb within layouts/inlined_string (2.0ms)
  Rendered C:/RailsInstaller/Ruby2.2.0/lib/ruby/gems/2.2.0/gems/web-console-2.3.0/lib/web_console/templates/style.css.erb within layouts/inlined_string (1.0ms)
  Rendered C:/RailsInstaller/Ruby2.2.0/lib/ruby/gems/2.2.0/gems/web-console-2.3.0/lib/web_console/templates/console.js.erb within layouts/javascript (13406.7ms)
  Rendered C:/RailsInstaller/Ruby2.2.0/lib/ruby/gems/2.2.0/gems/web-console-2.3.0/lib/web_console/templates/main.js.erb within layouts/javascript (3.0ms)
  Rendered C:/RailsInstaller/Ruby2.2.0/lib/ruby/gems/2.2.0/gems/web-console-2.3.0/lib/web_console/templates/error_page.js.erb within layouts/javascript (4.0ms)
  Rendered C:/RailsInstaller/Ruby2.2.0/lib/ruby/gems/2.2.0/gems/web-console-2.3.0/lib/web_console/templates/index.html.erb (30982.6ms)


Started GET "/locations" for ::1 at 2016-06-28 14:02:40 -0500
Processing by LocationsController#index as HTML
  [1m[35mLocation Load (1.0ms)[0m  SELECT "locations".* FROM "locations"
  Rendered locations/index.html.erb within layouts/application (419.1ms)
Completed 500 Internal Server Error in 1545ms (ActiveRecord: 1.0ms)

ActionView::Template::Error (undefined method `title' for #<#<Class:0x6b9bea8>:0x8175480>):
    1: <% title "Locations" %>
    2: 
    3: <%= form_tag locations_path, :method => :get do %>
    4:   <p>
  app/views/locations/index.html.erb:1:in `_app_views_locations_index_html_erb___854617836_57538476'


  Rendered C:/RailsInstaller/Ruby2.2.0/lib/ruby/gems/2.2.0/gems/actionpack-4.2.5.1/lib/action_dispatch/middleware/templates/rescues/_source.erb (2.0ms)
  Rendered C:/RailsInstaller/Ruby2.2.0/lib/ruby/gems/2.2.0/gems/actionpack-4.2.5.1/lib/action_dispatch/middleware/templates/rescues/_trace.html.erb (22.0ms)
  Rendered C:/RailsInstaller/Ruby2.2.0/lib/ruby/gems/2.2.0/gems/actionpack-4.2.5.1/lib/action_dispatch/middleware/templates/rescues/_request_and_response.html.erb (3.0ms)
  Rendered C:/RailsInstaller/Ruby2.2.0/lib/ruby/gems/2.2.0/gems/actionpack-4.2.5.1/lib/action_dispatch/middleware/templates/rescues/template_error.html.erb within rescues/layout (14977.6ms)
  Rendered C:/RailsInstaller/Ruby2.2.0/lib/ruby/gems/2.2.0/gems/web-console-2.3.0/lib/web_console/templates/_markup.html.erb (4.0ms)
  Rendered C:/RailsInstaller/Ruby2.2.0/lib/ruby/gems/2.2.0/gems/web-console-2.3.0/lib/web_console/templates/_inner_console_markup.html.erb within layouts/inlined_string (3.0ms)
  Rendered C:/RailsInstaller/Ruby2.2.0/lib/ruby/gems/2.2.0/gems/web-console-2.3.0/lib/web_console/templates/_prompt_box_markup.html.erb within layouts/inlined_string (2.0ms)
  Rendered C:/RailsInstaller/Ruby2.2.0/lib/ruby/gems/2.2.0/gems/web-console-2.3.0/lib/web_console/templates/style.css.erb within layouts/inlined_string (1.0ms)
  Rendered C:/RailsInstaller/Ruby2.2.0/lib/ruby/gems/2.2.0/gems/web-console-2.3.0/lib/web_console/templates/console.js.erb within layouts/javascript (11821.4ms)
  Rendered C:/RailsInstaller/Ruby2.2.0/lib/ruby/gems/2.2.0/gems/web-console-2.3.0/lib/web_console/templates/main.js.erb within layouts/javascript (3.0ms)
  Rendered C:/RailsInstaller/Ruby2.2.0/lib/ruby/gems/2.2.0/gems/web-console-2.3.0/lib/web_console/templates/error_page.js.erb within layouts/javascript (4.0ms)
  Rendered C:/RailsInstaller/Ruby2.2.0/lib/ruby/gems/2.2.0/gems/web-console-2.3.0/lib/web_console/templates/index.html.erb (28500.7ms)


Started GET "/locations" for ::1 at 2016-06-28 14:03:35 -0500
Processing by LocationsController#index as HTML
  [1m[36mLocation Load (2.0ms)[0m  [1mSELECT "locations".* FROM "locations"[0m
  Rendered locations/index.html.erb within layouts/application (485.2ms)
Completed 500 Internal Server Error in 1622ms (ActiveRecord: 2.0ms)

ActionView::Template::Error (undefined method `title' for #<#<Class:0x6b9bea8>:0x55b86e8>):
    1: <% title "Locations" %>
    2: 
    3: <%= form_tag locations_path, :method => :get do %>
    4:   <p>
  app/views/locations/index.html.erb:1:in `_app_views_locations_index_html_erb___854617836_57538476'


  Rendered C:/RailsInstaller/Ruby2.2.0/lib/ruby/gems/2.2.0/gems/actionpack-4.2.5.1/lib/action_dispatch/middleware/templates/rescues/_source.erb (7.0ms)
  Rendered C:/RailsInstaller/Ruby2.2.0/lib/ruby/gems/2.2.0/gems/actionpack-4.2.5.1/lib/action_dispatch/middleware/templates/rescues/_trace.html.erb (73.4ms)
  Rendered C:/RailsInstaller/Ruby2.2.0/lib/ruby/gems/2.2.0/gems/actionpack-4.2.5.1/lib/action_dispatch/middleware/templates/rescues/_request_and_response.html.erb (2.0ms)
  Rendered C:/RailsInstaller/Ruby2.2.0/lib/ruby/gems/2.2.0/gems/actionpack-4.2.5.1/lib/action_dispatch/middleware/templates/rescues/template_error.html.erb within rescues/layout (14723.0ms)
  Rendered C:/RailsInstaller/Ruby2.2.0/lib/ruby/gems/2.2.0/gems/web-console-2.3.0/lib/web_console/templates/_markup.html.erb (5.0ms)
  Rendered C:/RailsInstaller/Ruby2.2.0/lib/ruby/gems/2.2.0/gems/web-console-2.3.0/lib/web_console/templates/_inner_console_markup.html.erb within layouts/inlined_string (0.0ms)
  Rendered C:/RailsInstaller/Ruby2.2.0/lib/ruby/gems/2.2.0/gems/web-console-2.3.0/lib/web_console/templates/_prompt_box_markup.html.erb within layouts/inlined_string (2.0ms)
  Rendered C:/RailsInstaller/Ruby2.2.0/lib/ruby/gems/2.2.0/gems/web-console-2.3.0/lib/web_console/templates/style.css.erb within layouts/inlined_string (3.0ms)
  Rendered C:/RailsInstaller/Ruby2.2.0/lib/ruby/gems/2.2.0/gems/web-console-2.3.0/lib/web_console/templates/console.js.erb within layouts/javascript (7538.1ms)
  Rendered C:/RailsInstaller/Ruby2.2.0/lib/ruby/gems/2.2.0/gems/web-console-2.3.0/lib/web_console/templates/main.js.erb within layouts/javascript (1.0ms)
  Rendered C:/RailsInstaller/Ruby2.2.0/lib/ruby/gems/2.2.0/gems/web-console-2.3.0/lib/web_console/templates/error_page.js.erb within layouts/javascript (2.0ms)
  Rendered C:/RailsInstaller/Ruby2.2.0/lib/ruby/gems/2.2.0/gems/web-console-2.3.0/lib/web_console/templates/index.html.erb (25712.0ms)


Started GET "/locations" for ::1 at 2016-06-28 14:04:29 -0500
Processing by LocationsController#index as HTML
  [1m[35mLocation Load (0.0ms)[0m  SELECT "locations".* FROM "locations"
  Rendered locations/index.html.erb within layouts/application (115.1ms)
Completed 500 Internal Server Error in 403ms (ActiveRecord: 0.0ms)

ActionView::Template::Error (undefined method `title' for #<#<Class:0x6b9bea8>:0x80cc880>):
    1: <% title "Locations" %>
    2: 
    3: <%= form_tag locations_path, :method => :get do %>
    4:   <p>
  app/views/locations/index.html.erb:1:in `_app_views_locations_index_html_erb___854617836_57538476'


  Rendered C:/RailsInstaller/Ruby2.2.0/lib/ruby/gems/2.2.0/gems/actionpack-4.2.5.1/lib/action_dispatch/middleware/templates/rescues/_source.erb (8.0ms)
  Rendered C:/RailsInstaller/Ruby2.2.0/lib/ruby/gems/2.2.0/gems/actionpack-4.2.5.1/lib/action_dispatch/middleware/templates/rescues/_trace.html.erb (75.1ms)
  Rendered C:/RailsInstaller/Ruby2.2.0/lib/ruby/gems/2.2.0/gems/actionpack-4.2.5.1/lib/action_dispatch/middleware/templates/rescues/_request_and_response.html.erb (2.0ms)
  Rendered C:/RailsInstaller/Ruby2.2.0/lib/ruby/gems/2.2.0/gems/actionpack-4.2.5.1/lib/action_dispatch/middleware/templates/rescues/template_error.html.erb within rescues/layout (13176.6ms)
  Rendered C:/RailsInstaller/Ruby2.2.0/lib/ruby/gems/2.2.0/gems/web-console-2.3.0/lib/web_console/templates/_markup.html.erb (4.0ms)
  Rendered C:/RailsInstaller/Ruby2.2.0/lib/ruby/gems/2.2.0/gems/web-console-2.3.0/lib/web_console/templates/_inner_console_markup.html.erb within layouts/inlined_string (1.0ms)
  Rendered C:/RailsInstaller/Ruby2.2.0/lib/ruby/gems/2.2.0/gems/web-console-2.3.0/lib/web_console/templates/_prompt_box_markup.html.erb within layouts/inlined_string (1.0ms)
  Rendered C:/RailsInstaller/Ruby2.2.0/lib/ruby/gems/2.2.0/gems/web-console-2.3.0/lib/web_console/templates/style.css.erb within layouts/inlined_string (4.0ms)
  Rendered C:/RailsInstaller/Ruby2.2.0/lib/ruby/gems/2.2.0/gems/web-console-2.3.0/lib/web_console/templates/console.js.erb within layouts/javascript (6779.6ms)
  Rendered C:/RailsInstaller/Ruby2.2.0/lib/ruby/gems/2.2.0/gems/web-console-2.3.0/lib/web_console/templates/main.js.erb within layouts/javascript (1.0ms)
  Rendered C:/RailsInstaller/Ruby2.2.0/lib/ruby/gems/2.2.0/gems/web-console-2.3.0/lib/web_console/templates/error_page.js.erb within layouts/javascript (3.0ms)
  Rendered C:/RailsInstaller/Ruby2.2.0/lib/ruby/gems/2.2.0/gems/web-console-2.3.0/lib/web_console/templates/index.html.erb (23112.6ms)


Started GET "/locations" for ::1 at 2016-06-28 14:05:17 -0500
Processing by LocationsController#index as HTML
  [1m[36mLocation Load (1.0ms)[0m  [1mSELECT "locations".* FROM "locations"[0m
  Rendered locations/index.html.erb within layouts/application (247.4ms)
Completed 500 Internal Server Error in 989ms (ActiveRecord: 1.0ms)

ActionView::Template::Error (undefined method `title' for #<#<Class:0x6b9bea8>:0x53252e8>):
    1: <% title "Locations" %>
    2: 
    3: <%= form_tag locations_path, :method => :get do %>
    4:   <p>
  app/views/locations/index.html.erb:1:in `_app_views_locations_index_html_erb___854617836_57538476'


  Rendered C:/RailsInstaller/Ruby2.2.0/lib/ruby/gems/2.2.0/gems/actionpack-4.2.5.1/lib/action_dispatch/middleware/templates/rescues/_source.erb (2.0ms)
  Rendered C:/RailsInstaller/Ruby2.2.0/lib/ruby/gems/2.2.0/gems/actionpack-4.2.5.1/lib/action_dispatch/middleware/templates/rescues/_trace.html.erb (19.0ms)
  Rendered C:/RailsInstaller/Ruby2.2.0/lib/ruby/gems/2.2.0/gems/actionpack-4.2.5.1/lib/action_dispatch/middleware/templates/rescues/_request_and_response.html.erb (10.0ms)
  Rendered C:/RailsInstaller/Ruby2.2.0/lib/ruby/gems/2.2.0/gems/actionpack-4.2.5.1/lib/action_dispatch/middleware/templates/rescues/template_error.html.erb within rescues/layout (13678.2ms)
  Rendered C:/RailsInstaller/Ruby2.2.0/lib/ruby/gems/2.2.0/gems/web-console-2.3.0/lib/web_console/templates/_markup.html.erb (1.0ms)
  Rendered C:/RailsInstaller/Ruby2.2.0/lib/ruby/gems/2.2.0/gems/web-console-2.3.0/lib/web_console/templates/_inner_console_markup.html.erb within layouts/inlined_string (4.0ms)
  Rendered C:/RailsInstaller/Ruby2.2.0/lib/ruby/gems/2.2.0/gems/web-console-2.3.0/lib/web_console/templates/_prompt_box_markup.html.erb within layouts/inlined_string (3.0ms)
  Rendered C:/RailsInstaller/Ruby2.2.0/lib/ruby/gems/2.2.0/gems/web-console-2.3.0/lib/web_console/templates/style.css.erb within layouts/inlined_string (1.0ms)
  Rendered C:/RailsInstaller/Ruby2.2.0/lib/ruby/gems/2.2.0/gems/web-console-2.3.0/lib/web_console/templates/console.js.erb within layouts/javascript (13137.3ms)
  Rendered C:/RailsInstaller/Ruby2.2.0/lib/ruby/gems/2.2.0/gems/web-console-2.3.0/lib/web_console/templates/main.js.erb within layouts/javascript (1.0ms)
  Rendered C:/RailsInstaller/Ruby2.2.0/lib/ruby/gems/2.2.0/gems/web-console-2.3.0/lib/web_console/templates/error_page.js.erb within layouts/javascript (4.0ms)
  Rendered C:/RailsInstaller/Ruby2.2.0/lib/ruby/gems/2.2.0/gems/web-console-2.3.0/lib/web_console/templates/index.html.erb (34584.5ms)


Started GET "/locations" for ::1 at 2016-06-28 14:06:13 -0500
Processing by LocationsController#index as HTML
  [1m[35mLocation Load (4.0ms)[0m  SELECT "locations".* FROM "locations"
  Rendered locations/index.html.erb within layouts/application (222.3ms)
Completed 500 Internal Server Error in 1290ms (ActiveRecord: 4.0ms)

ActionView::Template::Error (undefined method `title' for #<#<Class:0x6b9bea8>:0x7c15f68>):
    1: <% title "Locations" %>
    2: 
    3: <%= form_tag locations_path, :method => :get do %>
    4:   <p>
  app/views/locations/index.html.erb:1:in `_app_views_locations_index_html_erb___854617836_57538476'


  Rendered C:/RailsInstaller/Ruby2.2.0/lib/ruby/gems/2.2.0/gems/actionpack-4.2.5.1/lib/action_dispatch/middleware/templates/rescues/_source.erb (23.0ms)
  Rendered C:/RailsInstaller/Ruby2.2.0/lib/ruby/gems/2.2.0/gems/actionpack-4.2.5.1/lib/action_dispatch/middleware/templates/rescues/_trace.html.erb (75.1ms)
  Rendered C:/RailsInstaller/Ruby2.2.0/lib/ruby/gems/2.2.0/gems/actionpack-4.2.5.1/lib/action_dispatch/middleware/templates/rescues/_request_and_response.html.erb (3.0ms)
  Rendered C:/RailsInstaller/Ruby2.2.0/lib/ruby/gems/2.2.0/gems/actionpack-4.2.5.1/lib/action_dispatch/middleware/templates/rescues/template_error.html.erb within rescues/layout (12736.2ms)
  Rendered C:/RailsInstaller/Ruby2.2.0/lib/ruby/gems/2.2.0/gems/web-console-2.3.0/lib/web_console/templates/_markup.html.erb (1.0ms)
  Rendered C:/RailsInstaller/Ruby2.2.0/lib/ruby/gems/2.2.0/gems/web-console-2.3.0/lib/web_console/templates/_inner_console_markup.html.erb within layouts/inlined_string (1.0ms)
  Rendered C:/RailsInstaller/Ruby2.2.0/lib/ruby/gems/2.2.0/gems/web-console-2.3.0/lib/web_console/templates/_prompt_box_markup.html.erb within layouts/inlined_string (3.0ms)
  Rendered C:/RailsInstaller/Ruby2.2.0/lib/ruby/gems/2.2.0/gems/web-console-2.3.0/lib/web_console/templates/style.css.erb within layouts/inlined_string (1.0ms)
  Rendered C:/RailsInstaller/Ruby2.2.0/lib/ruby/gems/2.2.0/gems/web-console-2.3.0/lib/web_console/templates/console.js.erb within layouts/javascript (11799.2ms)
  Rendered C:/RailsInstaller/Ruby2.2.0/lib/ruby/gems/2.2.0/gems/web-console-2.3.0/lib/web_console/templates/main.js.erb within layouts/javascript (1.0ms)
  Rendered C:/RailsInstaller/Ruby2.2.0/lib/ruby/gems/2.2.0/gems/web-console-2.3.0/lib/web_console/templates/error_page.js.erb within layouts/javascript (1.0ms)
  Rendered C:/RailsInstaller/Ruby2.2.0/lib/ruby/gems/2.2.0/gems/web-console-2.3.0/lib/web_console/templates/index.html.erb (27589.8ms)


Started GET "/locations" for ::1 at 2016-06-28 14:08:48 -0500
Processing by LocationsController#index as HTML
  [1m[36mLocation Load (2.0ms)[0m  [1mSELECT "locations".* FROM "locations"[0m
  Rendered locations/index.html.erb within layouts/application (318.5ms)
Completed 500 Internal Server Error in 1271ms (ActiveRecord: 2.0ms)

ActionView::Template::Error (undefined method `title' for #<#<Class:0x6b9bea8>:0x6b71e90>):
    1: <% title "Locations" %>
    2: 
    3: <%= form_tag locations_path, :method => :get do %>
    4:   <p>
  app/views/locations/index.html.erb:1:in `_app_views_locations_index_html_erb___854617836_57538476'


  Rendered C:/RailsInstaller/Ruby2.2.0/lib/ruby/gems/2.2.0/gems/actionpack-4.2.5.1/lib/action_dispatch/middleware/templates/rescues/_source.erb (3.0ms)
  Rendered C:/RailsInstaller/Ruby2.2.0/lib/ruby/gems/2.2.0/gems/actionpack-4.2.5.1/lib/action_dispatch/middleware/templates/rescues/_trace.html.erb (19.0ms)
  Rendered C:/RailsInstaller/Ruby2.2.0/lib/ruby/gems/2.2.0/gems/actionpack-4.2.5.1/lib/action_dispatch/middleware/templates/rescues/_request_and_response.html.erb (3.0ms)
  Rendered C:/RailsInstaller/Ruby2.2.0/lib/ruby/gems/2.2.0/gems/actionpack-4.2.5.1/lib/action_dispatch/middleware/templates/rescues/template_error.html.erb within rescues/layout (5624.3ms)
  Rendered C:/RailsInstaller/Ruby2.2.0/lib/ruby/gems/2.2.0/gems/web-console-2.3.0/lib/web_console/templates/_markup.html.erb (1.0ms)
  Rendered C:/RailsInstaller/Ruby2.2.0/lib/ruby/gems/2.2.0/gems/web-console-2.3.0/lib/web_console/templates/_inner_console_markup.html.erb within layouts/inlined_string (1.0ms)
  Rendered C:/RailsInstaller/Ruby2.2.0/lib/ruby/gems/2.2.0/gems/web-console-2.3.0/lib/web_console/templates/_prompt_box_markup.html.erb within layouts/inlined_string (1.0ms)
  Rendered C:/RailsInstaller/Ruby2.2.0/lib/ruby/gems/2.2.0/gems/web-console-2.3.0/lib/web_console/templates/style.css.erb within layouts/inlined_string (1.0ms)
  Rendered C:/RailsInstaller/Ruby2.2.0/lib/ruby/gems/2.2.0/gems/web-console-2.3.0/lib/web_console/templates/console.js.erb within layouts/javascript (5426.0ms)
  Rendered C:/RailsInstaller/Ruby2.2.0/lib/ruby/gems/2.2.0/gems/web-console-2.3.0/lib/web_console/templates/main.js.erb within layouts/javascript (1.0ms)
  Rendered C:/RailsInstaller/Ruby2.2.0/lib/ruby/gems/2.2.0/gems/web-console-2.3.0/lib/web_console/templates/error_page.js.erb within layouts/javascript (4.0ms)
  Rendered C:/RailsInstaller/Ruby2.2.0/lib/ruby/gems/2.2.0/gems/web-console-2.3.0/lib/web_console/templates/index.html.erb (16905.4ms)


Started GET "/locations/1" for ::1 at 2016-06-28 14:09:19 -0500
Processing by LocationsController#show as HTML
  Parameters: {"id"=>"1"}
  [1m[35mLocation Load (3.5ms)[0m  SELECT  "locations".* FROM "locations" WHERE "locations"."id" = ? LIMIT 1  [["id", 1]]
Completed 404 Not Found in 25ms (ActiveRecord: 3.5ms)

ActiveRecord::RecordNotFound (Couldn't find Location with 'id'=1):
  app/controllers/locations_controller.rb:71:in `set_location'


  Rendered C:/RailsInstaller/Ruby2.2.0/lib/ruby/gems/2.2.0/gems/actionpack-4.2.5.1/lib/action_dispatch/middleware/templates/rescues/_source.erb (8.0ms)
  Rendered C:/RailsInstaller/Ruby2.2.0/lib/ruby/gems/2.2.0/gems/actionpack-4.2.5.1/lib/action_dispatch/middleware/templates/rescues/_trace.html.erb (25.0ms)
  Rendered C:/RailsInstaller/Ruby2.2.0/lib/ruby/gems/2.2.0/gems/actionpack-4.2.5.1/lib/action_dispatch/middleware/templates/rescues/_request_and_response.html.erb (11.0ms)
  Rendered C:/RailsInstaller/Ruby2.2.0/lib/ruby/gems/2.2.0/gems/actionpack-4.2.5.1/lib/action_dispatch/middleware/templates/rescues/diagnostics.html.erb within rescues/layout (15734.1ms)
  Rendered C:/RailsInstaller/Ruby2.2.0/lib/ruby/gems/2.2.0/gems/web-console-2.3.0/lib/web_console/templates/_markup.html.erb (2.0ms)
  Rendered C:/RailsInstaller/Ruby2.2.0/lib/ruby/gems/2.2.0/gems/web-console-2.3.0/lib/web_console/templates/_inner_console_markup.html.erb within layouts/inlined_string (3.0ms)
  Rendered C:/RailsInstaller/Ruby2.2.0/lib/ruby/gems/2.2.0/gems/web-console-2.3.0/lib/web_console/templates/_prompt_box_markup.html.erb within layouts/inlined_string (1.0ms)
  Rendered C:/RailsInstaller/Ruby2.2.0/lib/ruby/gems/2.2.0/gems/web-console-2.3.0/lib/web_console/templates/style.css.erb within layouts/inlined_string (4.0ms)
  Rendered C:/RailsInstaller/Ruby2.2.0/lib/ruby/gems/2.2.0/gems/web-console-2.3.0/lib/web_console/templates/console.js.erb within layouts/javascript (13251.3ms)
  Rendered C:/RailsInstaller/Ruby2.2.0/lib/ruby/gems/2.2.0/gems/web-console-2.3.0/lib/web_console/templates/main.js.erb within layouts/javascript (2.0ms)
  Rendered C:/RailsInstaller/Ruby2.2.0/lib/ruby/gems/2.2.0/gems/web-console-2.3.0/lib/web_console/templates/error_page.js.erb within layouts/javascript (1.0ms)
  Rendered C:/RailsInstaller/Ruby2.2.0/lib/ruby/gems/2.2.0/gems/web-console-2.3.0/lib/web_console/templates/index.html.erb (30172.7ms)


Started GET "/locations/1" for ::1 at 2016-06-28 14:10:59 -0500
Processing by LocationsController#show as HTML
  Parameters: {"id"=>"1"}
  [1m[36mLocation Load (3.0ms)[0m  [1mSELECT  "locations".* FROM "locations" WHERE "locations"."id" = ? LIMIT 1[0m  [["id", 1]]
Completed 404 Not Found in 18ms (ActiveRecord: 3.0ms)

ActiveRecord::RecordNotFound (Couldn't find Location with 'id'=1):
  app/controllers/locations_controller.rb:71:in `set_location'


  Rendered C:/RailsInstaller/Ruby2.2.0/lib/ruby/gems/2.2.0/gems/actionpack-4.2.5.1/lib/action_dispatch/middleware/templates/rescues/_source.erb (2.0ms)
  Rendered C:/RailsInstaller/Ruby2.2.0/lib/ruby/gems/2.2.0/gems/actionpack-4.2.5.1/lib/action_dispatch/middleware/templates/rescues/_trace.html.erb (49.1ms)
  Rendered C:/RailsInstaller/Ruby2.2.0/lib/ruby/gems/2.2.0/gems/actionpack-4.2.5.1/lib/action_dispatch/middleware/templates/rescues/_request_and_response.html.erb (3.0ms)
  Rendered C:/RailsInstaller/Ruby2.2.0/lib/ruby/gems/2.2.0/gems/actionpack-4.2.5.1/lib/action_dispatch/middleware/templates/rescues/diagnostics.html.erb within rescues/layout (12640.6ms)
  Rendered C:/RailsInstaller/Ruby2.2.0/lib/ruby/gems/2.2.0/gems/web-console-2.3.0/lib/web_console/templates/_markup.html.erb (4.0ms)
  Rendered C:/RailsInstaller/Ruby2.2.0/lib/ruby/gems/2.2.0/gems/web-console-2.3.0/lib/web_console/templates/_inner_console_markup.html.erb within layouts/inlined_string (0.0ms)
  Rendered C:/RailsInstaller/Ruby2.2.0/lib/ruby/gems/2.2.0/gems/web-console-2.3.0/lib/web_console/templates/_prompt_box_markup.html.erb within layouts/inlined_string (1.0ms)
  Rendered C:/RailsInstaller/Ruby2.2.0/lib/ruby/gems/2.2.0/gems/web-console-2.3.0/lib/web_console/templates/style.css.erb within layouts/inlined_string (3.0ms)
  Rendered C:/RailsInstaller/Ruby2.2.0/lib/ruby/gems/2.2.0/gems/web-console-2.3.0/lib/web_console/templates/console.js.erb within layouts/javascript (11996.5ms)
  Rendered C:/RailsInstaller/Ruby2.2.0/lib/ruby/gems/2.2.0/gems/web-console-2.3.0/lib/web_console/templates/main.js.erb within layouts/javascript (3.0ms)
  Rendered C:/RailsInstaller/Ruby2.2.0/lib/ruby/gems/2.2.0/gems/web-console-2.3.0/lib/web_console/templates/error_page.js.erb within layouts/javascript (1.0ms)
  Rendered C:/RailsInstaller/Ruby2.2.0/lib/ruby/gems/2.2.0/gems/web-console-2.3.0/lib/web_console/templates/index.html.erb (30337.6ms)


Started GET "/locations/1" for ::1 at 2016-06-28 14:11:52 -0500
Processing by LocationsController#show as HTML
  Parameters: {"id"=>"1"}
  [1m[35mLocation Load (0.0ms)[0m  SELECT  "locations".* FROM "locations" WHERE "locations"."id" = ? LIMIT 1  [["id", 1]]
Completed 404 Not Found in 4ms (ActiveRecord: 0.0ms)

ActiveRecord::RecordNotFound (Couldn't find Location with 'id'=1):
  app/controllers/locations_controller.rb:71:in `set_location'


  Rendered C:/RailsInstaller/Ruby2.2.0/lib/ruby/gems/2.2.0/gems/actionpack-4.2.5.1/lib/action_dispatch/middleware/templates/rescues/_source.erb (6.0ms)
  Rendered C:/RailsInstaller/Ruby2.2.0/lib/ruby/gems/2.2.0/gems/actionpack-4.2.5.1/lib/action_dispatch/middleware/templates/rescues/_trace.html.erb (11.0ms)
  Rendered C:/RailsInstaller/Ruby2.2.0/lib/ruby/gems/2.2.0/gems/actionpack-4.2.5.1/lib/action_dispatch/middleware/templates/rescues/_request_and_response.html.erb (7.0ms)
  Rendered C:/RailsInstaller/Ruby2.2.0/lib/ruby/gems/2.2.0/gems/actionpack-4.2.5.1/lib/action_dispatch/middleware/templates/rescues/diagnostics.html.erb within rescues/layout (11129.7ms)
  Rendered C:/RailsInstaller/Ruby2.2.0/lib/ruby/gems/2.2.0/gems/web-console-2.3.0/lib/web_console/templates/_markup.html.erb (1.0ms)
  Rendered C:/RailsInstaller/Ruby2.2.0/lib/ruby/gems/2.2.0/gems/web-console-2.3.0/lib/web_console/templates/_inner_console_markup.html.erb within layouts/inlined_string (3.0ms)
  Rendered C:/RailsInstaller/Ruby2.2.0/lib/ruby/gems/2.2.0/gems/web-console-2.3.0/lib/web_console/templates/_prompt_box_markup.html.erb within layouts/inlined_string (1.0ms)
  Rendered C:/RailsInstaller/Ruby2.2.0/lib/ruby/gems/2.2.0/gems/web-console-2.3.0/lib/web_console/templates/style.css.erb within layouts/inlined_string (1.0ms)
  Rendered C:/RailsInstaller/Ruby2.2.0/lib/ruby/gems/2.2.0/gems/web-console-2.3.0/lib/web_console/templates/console.js.erb within layouts/javascript (12529.0ms)
  Rendered C:/RailsInstaller/Ruby2.2.0/lib/ruby/gems/2.2.0/gems/web-console-2.3.0/lib/web_console/templates/main.js.erb within layouts/javascript (3.0ms)
  Rendered C:/RailsInstaller/Ruby2.2.0/lib/ruby/gems/2.2.0/gems/web-console-2.3.0/lib/web_console/templates/error_page.js.erb within layouts/javascript (1.0ms)
  Rendered C:/RailsInstaller/Ruby2.2.0/lib/ruby/gems/2.2.0/gems/web-console-2.3.0/lib/web_console/templates/index.html.erb (26870.8ms)


Started GET "/locations/1" for ::1 at 2016-06-28 14:13:02 -0500
Processing by LocationsController#show as HTML
  Parameters: {"id"=>"1"}
  [1m[36mLocation Load (2.0ms)[0m  [1mSELECT  "locations".* FROM "locations" WHERE "locations"."id" = ? LIMIT 1[0m  [["id", 1]]
Completed 404 Not Found in 18ms (ActiveRecord: 2.0ms)

ActiveRecord::RecordNotFound (Couldn't find Location with 'id'=1):
  app/controllers/locations_controller.rb:71:in `set_location'


  Rendered C:/RailsInstaller/Ruby2.2.0/lib/ruby/gems/2.2.0/gems/actionpack-4.2.5.1/lib/action_dispatch/middleware/templates/rescues/_source.erb (2.1ms)
  Rendered C:/RailsInstaller/Ruby2.2.0/lib/ruby/gems/2.2.0/gems/actionpack-4.2.5.1/lib/action_dispatch/middleware/templates/rescues/_trace.html.erb (13.0ms)
  Rendered C:/RailsInstaller/Ruby2.2.0/lib/ruby/gems/2.2.0/gems/actionpack-4.2.5.1/lib/action_dispatch/middleware/templates/rescues/_request_and_response.html.erb (6.0ms)
  Rendered C:/RailsInstaller/Ruby2.2.0/lib/ruby/gems/2.2.0/gems/actionpack-4.2.5.1/lib/action_dispatch/middleware/templates/rescues/diagnostics.html.erb within rescues/layout (15949.9ms)
  Rendered C:/RailsInstaller/Ruby2.2.0/lib/ruby/gems/2.2.0/gems/web-console-2.3.0/lib/web_console/templates/_markup.html.erb (1.0ms)
  Rendered C:/RailsInstaller/Ruby2.2.0/lib/ruby/gems/2.2.0/gems/web-console-2.3.0/lib/web_console/templates/_inner_console_markup.html.erb within layouts/inlined_string (0.0ms)
  Rendered C:/RailsInstaller/Ruby2.2.0/lib/ruby/gems/2.2.0/gems/web-console-2.3.0/lib/web_console/templates/_prompt_box_markup.html.erb within layouts/inlined_string (2.0ms)
  Rendered C:/RailsInstaller/Ruby2.2.0/lib/ruby/gems/2.2.0/gems/web-console-2.3.0/lib/web_console/templates/style.css.erb within layouts/inlined_string (4.0ms)
  Rendered C:/RailsInstaller/Ruby2.2.0/lib/ruby/gems/2.2.0/gems/web-console-2.3.0/lib/web_console/templates/console.js.erb within layouts/javascript (13282.8ms)
  Rendered C:/RailsInstaller/Ruby2.2.0/lib/ruby/gems/2.2.0/gems/web-console-2.3.0/lib/web_console/templates/main.js.erb within layouts/javascript (0.0ms)
  Rendered C:/RailsInstaller/Ruby2.2.0/lib/ruby/gems/2.2.0/gems/web-console-2.3.0/lib/web_console/templates/error_page.js.erb within layouts/javascript (1.0ms)
  Rendered C:/RailsInstaller/Ruby2.2.0/lib/ruby/gems/2.2.0/gems/web-console-2.3.0/lib/web_console/templates/index.html.erb (28333.6ms)


Started GET "/locations" for ::1 at 2016-06-28 14:13:56 -0500
Processing by LocationsController#index as HTML
  [1m[35mLocation Load (1.0ms)[0m  SELECT "locations".* FROM "locations"
  Rendered locations/index.html.erb within layouts/application (112.3ms)
Completed 500 Internal Server Error in 350ms (ActiveRecord: 1.0ms)

ActionView::Template::Error (undefined method `title' for #<#<Class:0x6b9bea8>:0x6343428>):
    1: <% title "Locations" %>
    2: 
    3: <%= form_tag locations_path, :method => :get do %>
    4:   <p>
  app/views/locations/index.html.erb:1:in `_app_views_locations_index_html_erb___854617836_57538476'


  Rendered C:/RailsInstaller/Ruby2.2.0/lib/ruby/gems/2.2.0/gems/actionpack-4.2.5.1/lib/action_dispatch/middleware/templates/rescues/_source.erb (4.0ms)
  Rendered C:/RailsInstaller/Ruby2.2.0/lib/ruby/gems/2.2.0/gems/actionpack-4.2.5.1/lib/action_dispatch/middleware/templates/rescues/_trace.html.erb (73.1ms)
  Rendered C:/RailsInstaller/Ruby2.2.0/lib/ruby/gems/2.2.0/gems/actionpack-4.2.5.1/lib/action_dispatch/middleware/templates/rescues/_request_and_response.html.erb (2.0ms)
  Rendered C:/RailsInstaller/Ruby2.2.0/lib/ruby/gems/2.2.0/gems/actionpack-4.2.5.1/lib/action_dispatch/middleware/templates/rescues/template_error.html.erb within rescues/layout (12566.6ms)
  Rendered C:/RailsInstaller/Ruby2.2.0/lib/ruby/gems/2.2.0/gems/web-console-2.3.0/lib/web_console/templates/_markup.html.erb (3.0ms)
  Rendered C:/RailsInstaller/Ruby2.2.0/lib/ruby/gems/2.2.0/gems/web-console-2.3.0/lib/web_console/templates/_inner_console_markup.html.erb within layouts/inlined_string (3.0ms)
  Rendered C:/RailsInstaller/Ruby2.2.0/lib/ruby/gems/2.2.0/gems/web-console-2.3.0/lib/web_console/templates/_prompt_box_markup.html.erb within layouts/inlined_string (1.0ms)
  Rendered C:/RailsInstaller/Ruby2.2.0/lib/ruby/gems/2.2.0/gems/web-console-2.3.0/lib/web_console/templates/style.css.erb within layouts/inlined_string (9.0ms)
  Rendered C:/RailsInstaller/Ruby2.2.0/lib/ruby/gems/2.2.0/gems/web-console-2.3.0/lib/web_console/templates/console.js.erb within layouts/javascript (10639.8ms)
  Rendered C:/RailsInstaller/Ruby2.2.0/lib/ruby/gems/2.2.0/gems/web-console-2.3.0/lib/web_console/templates/main.js.erb within layouts/javascript (3.0ms)
  Rendered C:/RailsInstaller/Ruby2.2.0/lib/ruby/gems/2.2.0/gems/web-console-2.3.0/lib/web_console/templates/error_page.js.erb within layouts/javascript (1.0ms)
  Rendered C:/RailsInstaller/Ruby2.2.0/lib/ruby/gems/2.2.0/gems/web-console-2.3.0/lib/web_console/templates/index.html.erb (24963.9ms)


Started GET "/locations" for ::1 at 2016-06-28 16:33:51 -0500
  [1m[36mActiveRecord::SchemaMigration Load (1.0ms)[0m  [1mSELECT "schema_migrations".* FROM "schema_migrations"[0m
Processing by LocationsController#index as HTML
  [1m[35mLocation Load (1.0ms)[0m  SELECT "locations".* FROM "locations"
  Rendered locations/index.html.erb within layouts/application (186.1ms)
Completed 500 Internal Server Error in 711ms (ActiveRecord: 3.0ms)

ActionView::Template::Error (undefined method `title' for #<#<Class:0x52f6e78>:0x52efa80>):
    1: <% title "Locations" %>
    2: 
    3: <%= form_tag locations_path, :method => :get do %>
    4:   <p>
  app/views/locations/index.html.erb:1:in `_app_views_locations_index_html_erb___105632760_43410996'


  Rendered C:/RailsInstaller/Ruby2.2.0/lib/ruby/gems/2.2.0/gems/actionpack-4.2.5.1/lib/action_dispatch/middleware/templates/rescues/_source.erb (3.0ms)
  Rendered C:/RailsInstaller/Ruby2.2.0/lib/ruby/gems/2.2.0/gems/actionpack-4.2.5.1/lib/action_dispatch/middleware/templates/rescues/_trace.html.erb (62.1ms)
  Rendered C:/RailsInstaller/Ruby2.2.0/lib/ruby/gems/2.2.0/gems/actionpack-4.2.5.1/lib/action_dispatch/middleware/templates/rescues/_request_and_response.html.erb (2.0ms)
  Rendered C:/RailsInstaller/Ruby2.2.0/lib/ruby/gems/2.2.0/gems/actionpack-4.2.5.1/lib/action_dispatch/middleware/templates/rescues/template_error.html.erb within rescues/layout (9912.6ms)
  Rendered C:/RailsInstaller/Ruby2.2.0/lib/ruby/gems/2.2.0/gems/web-console-2.3.0/lib/web_console/templates/_markup.html.erb (5.0ms)
  Rendered C:/RailsInstaller/Ruby2.2.0/lib/ruby/gems/2.2.0/gems/web-console-2.3.0/lib/web_console/templates/_inner_console_markup.html.erb within layouts/inlined_string (1.0ms)
  Rendered C:/RailsInstaller/Ruby2.2.0/lib/ruby/gems/2.2.0/gems/web-console-2.3.0/lib/web_console/templates/_prompt_box_markup.html.erb within layouts/inlined_string (1.0ms)
  Rendered C:/RailsInstaller/Ruby2.2.0/lib/ruby/gems/2.2.0/gems/web-console-2.3.0/lib/web_console/templates/style.css.erb within layouts/inlined_string (1.0ms)
  Rendered C:/RailsInstaller/Ruby2.2.0/lib/ruby/gems/2.2.0/gems/web-console-2.3.0/lib/web_console/templates/console.js.erb within layouts/javascript (11333.7ms)
  Rendered C:/RailsInstaller/Ruby2.2.0/lib/ruby/gems/2.2.0/gems/web-console-2.3.0/lib/web_console/templates/main.js.erb within layouts/javascript (1.0ms)
  Rendered C:/RailsInstaller/Ruby2.2.0/lib/ruby/gems/2.2.0/gems/web-console-2.3.0/lib/web_console/templates/error_page.js.erb within layouts/javascript (1.0ms)
  Rendered C:/RailsInstaller/Ruby2.2.0/lib/ruby/gems/2.2.0/gems/web-console-2.3.0/lib/web_console/templates/index.html.erb (25116.9ms)


Started GET "/locations" for ::1 at 2016-06-28 16:36:22 -0500
Processing by LocationsController#index as HTML
  [1m[36mLocation Load (2.0ms)[0m  [1mSELECT "locations".* FROM "locations"[0m
  Rendered locations/index.html.erb within layouts/application (25.0ms)
Completed 200 OK in 3172ms (Views: 3164.0ms | ActiveRecord: 2.0ms)


Started GET "/locations" for ::1 at 2016-06-28 16:40:32 -0500
Processing by LocationsController#index as HTML
  [1m[35mLocation Load (2.0ms)[0m  SELECT "locations".* FROM "locations"
  Rendered locations/index.html.erb within layouts/application (13.0ms)
Completed 200 OK in 1245ms (Views: 1239.3ms | ActiveRecord: 2.0ms)


Started GET "/locations/2" for ::1 at 2016-06-28 16:40:40 -0500
Processing by LocationsController#show as HTML
  Parameters: {"id"=>"2"}
  [1m[36mLocation Load (3.0ms)[0m  [1mSELECT  "locations".* FROM "locations" WHERE "locations"."id" = ? LIMIT 1[0m  [["id", 2]]
  [1m[35mLocation Load (1.0ms)[0m  SELECT locations.*, (69.09332411348201 * ABS(locations.latitude - 21.151597) * 0.7071067811865475) + (59.836573914187355 * ABS(locations.longitude - -100.9367183) * 0.7071067811865475) AS distance, CASE WHEN (locations.latitude >= 21.151597 AND locations.longitude >= -100.9367183) THEN  45.0 WHEN (locations.latitude <  21.151597 AND locations.longitude >= -100.9367183) THEN 135.0 WHEN (locations.latitude <  21.151597 AND locations.longitude <  -100.9367183) THEN 225.0 WHEN (locations.latitude >= 21.151597 AND locations.longitude <  -100.9367183) THEN 315.0 END AS bearing FROM "locations" WHERE (locations.latitude BETWEEN 21.00686521688915 AND 21.296328783110848 AND locations.longitude BETWEEN -101.09190518395651 AND -100.78153141604348 AND locations.id != 2)  ORDER BY distance ASC
  [1m[36mCACHE (0.0ms)[0m  [1mSELECT locations.*, (69.09332411348201 * ABS(locations.latitude - 21.151597) * 0.7071067811865475) + (59.836573914187355 * ABS(locations.longitude - -100.9367183) * 0.7071067811865475) AS distance, CASE WHEN (locations.latitude >= 21.151597 AND locations.longitude >= -100.9367183) THEN  45.0 WHEN (locations.latitude <  21.151597 AND locations.longitude >= -100.9367183) THEN 135.0 WHEN (locations.latitude <  21.151597 AND locations.longitude <  -100.9367183) THEN 225.0 WHEN (locations.latitude >= 21.151597 AND locations.longitude <  -100.9367183) THEN 315.0 END AS bearing FROM "locations" WHERE (locations.latitude BETWEEN 21.00686521688915 AND 21.296328783110848 AND locations.longitude BETWEEN -101.09190518395651 AND -100.78153141604348 AND locations.id != 2)  ORDER BY distance ASC[0m
  Rendered locations/show.html.erb within layouts/application (46.1ms)
Completed 200 OK in 1368ms (Views: 1108.4ms | ActiveRecord: 4.0ms)


Started GET "/locations/2" for ::1 at 2016-06-28 16:41:22 -0500
Processing by LocationsController#show as HTML
  Parameters: {"id"=>"2"}
  [1m[35mLocation Load (2.0ms)[0m  SELECT  "locations".* FROM "locations" WHERE "locations"."id" = ? LIMIT 1  [["id", 2]]
  [1m[36mLocation Load (3.0ms)[0m  [1mSELECT locations.*, (69.09332411348201 * ABS(locations.latitude - 21.151597) * 0.7071067811865475) + (59.836573914187355 * ABS(locations.longitude - -100.9367183) * 0.7071067811865475) AS distance, CASE WHEN (locations.latitude >= 21.151597 AND locations.longitude >= -100.9367183) THEN  45.0 WHEN (locations.latitude <  21.151597 AND locations.longitude >= -100.9367183) THEN 135.0 WHEN (locations.latitude <  21.151597 AND locations.longitude <  -100.9367183) THEN 225.0 WHEN (locations.latitude >= 21.151597 AND locations.longitude <  -100.9367183) THEN 315.0 END AS bearing FROM "locations" WHERE (locations.latitude BETWEEN 21.00686521688915 AND 21.296328783110848 AND locations.longitude BETWEEN -101.09190518395651 AND -100.78153141604348 AND locations.id != 2)  ORDER BY distance ASC[0m
  Rendered locations/show.html.erb within layouts/application (31.0ms)
Completed 200 OK in 1163ms (Views: 1145.3ms | ActiveRecord: 5.0ms)


Started GET "/locations/2" for ::1 at 2016-06-28 16:41:36 -0500
Processing by LocationsController#show as HTML
  Parameters: {"id"=>"2"}
  [1m[35mLocation Load (2.0ms)[0m  SELECT  "locations".* FROM "locations" WHERE "locations"."id" = ? LIMIT 1  [["id", 2]]
  [1m[36mLocation Load (2.0ms)[0m  [1mSELECT locations.*, (69.09332411348201 * ABS(locations.latitude - 21.151597) * 0.7071067811865475) + (59.836573914187355 * ABS(locations.longitude - -100.9367183) * 0.7071067811865475) AS distance, CASE WHEN (locations.latitude >= 21.151597 AND locations.longitude >= -100.9367183) THEN  45.0 WHEN (locations.latitude <  21.151597 AND locations.longitude >= -100.9367183) THEN 135.0 WHEN (locations.latitude <  21.151597 AND locations.longitude <  -100.9367183) THEN 225.0 WHEN (locations.latitude >= 21.151597 AND locations.longitude <  -100.9367183) THEN 315.0 END AS bearing FROM "locations" WHERE (locations.latitude BETWEEN 21.00686521688915 AND 21.296328783110848 AND locations.longitude BETWEEN -101.09190518395651 AND -100.78153141604348 AND locations.id != 2)  ORDER BY distance ASC[0m
  Rendered locations/show.html.erb within layouts/application (25.0ms)
Completed 200 OK in 1377ms (Views: 1361.9ms | ActiveRecord: 4.0ms)


Started GET "/assets/application.self-e80e8f2318043e8af94dddc2adad5a4f09739a8ebb323b3ab31cd71d45fd9113.css?body=1" for ::1 at 2016-06-28 16:41:38 -0500


Started GET "/assets/locations.self-e3b0c44298fc1c149afbf4c8996fb92427ae41e4649b934ca495991b7852b855.css?body=1" for ::1 at 2016-06-28 16:41:38 -0500


Started GET "/assets/scaffolds.self-652af9c5f6bd757b963f13dfd98922ceb44364af9b24f11e36fb9a7fc5312ec6.css?body=1" for ::1 at 2016-06-28 16:41:38 -0500


Started GET "/assets/jquery.self-660adc51e0224b731d29f575a6f1ec167ba08ad06ed5deca4f1e8654c135bf4c.js?body=1" for ::1 at 2016-06-28 16:41:38 -0500


Started GET "/assets/jquery_ujs.self-e87806d0cf4489aeb1bb7288016024e8de67fd18db693fe026fe3907581e53cd.js?body=1" for ::1 at 2016-06-28 16:41:38 -0500


Started GET "/assets/turbolinks.self-c37727e9bd6b2735da5c311aa83fead54ed0be6cc8bd9a65309e9c5abe2cbfff.js?body=1" for ::1 at 2016-06-28 16:41:38 -0500


Started GET "/assets/locations.self-877aef30ae1b040ab8a3aba4e3e309a11d7f2612f44dde450b5c157aa5f95c05.js?body=1" for ::1 at 2016-06-28 16:41:38 -0500


Started GET "/assets/application.self-3b8dabdc891efe46b9a144b400ad69e37d7e5876bdc39dee783419a69d7ca819.js?body=1" for ::1 at 2016-06-28 16:41:38 -0500


Started GET "/locations/2" for ::1 at 2016-06-28 16:41:52 -0500
Processing by LocationsController#show as HTML
  Parameters: {"id"=>"2"}
  [1m[35mLocation Load (3.0ms)[0m  SELECT  "locations".* FROM "locations" WHERE "locations"."id" = ? LIMIT 1  [["id", 2]]
  [1m[36mLocation Load (2.0ms)[0m  [1mSELECT locations.*, (69.09332411348201 * ABS(locations.latitude - 21.151597) * 0.7071067811865475) + (59.836573914187355 * ABS(locations.longitude - -100.9367183) * 0.7071067811865475) AS distance, CASE WHEN (locations.latitude >= 21.151597 AND locations.longitude >= -100.9367183) THEN  45.0 WHEN (locations.latitude <  21.151597 AND locations.longitude >= -100.9367183) THEN 135.0 WHEN (locations.latitude <  21.151597 AND locations.longitude <  -100.9367183) THEN 225.0 WHEN (locations.latitude >= 21.151597 AND locations.longitude <  -100.9367183) THEN 315.0 END AS bearing FROM "locations" WHERE (locations.latitude BETWEEN 21.00686521688915 AND 21.296328783110848 AND locations.longitude BETWEEN -101.09190518395651 AND -100.78153141604348 AND locations.id != 2)  ORDER BY distance ASC[0m
  Rendered locations/show.html.erb within layouts/application (26.0ms)
Completed 200 OK in 1239ms (Views: 1221.6ms | ActiveRecord: 5.0ms)


Started GET "/locations/2" for ::1 at 2016-06-28 16:42:06 -0500
Processing by LocationsController#show as HTML
  Parameters: {"id"=>"2"}
  [1m[35mLocation Load (2.0ms)[0m  SELECT  "locations".* FROM "locations" WHERE "locations"."id" = ? LIMIT 1  [["id", 2]]
  [1m[36mLocation Load (3.0ms)[0m  [1mSELECT locations.*, (69.09332411348201 * ABS(locations.latitude - 21.151597) * 0.7071067811865475) + (59.836573914187355 * ABS(locations.longitude - -100.9367183) * 0.7071067811865475) AS distance, CASE WHEN (locations.latitude >= 21.151597 AND locations.longitude >= -100.9367183) THEN  45.0 WHEN (locations.latitude <  21.151597 AND locations.longitude >= -100.9367183) THEN 135.0 WHEN (locations.latitude <  21.151597 AND locations.longitude <  -100.9367183) THEN 225.0 WHEN (locations.latitude >= 21.151597 AND locations.longitude <  -100.9367183) THEN 315.0 END AS bearing FROM "locations" WHERE (locations.latitude BETWEEN 21.00686521688915 AND 21.296328783110848 AND locations.longitude BETWEEN -101.09190518395651 AND -100.78153141604348 AND locations.id != 2)  ORDER BY distance ASC[0m
  Rendered locations/show.html.erb within layouts/application (35.7ms)
Completed 200 OK in 1478ms (Views: 1461.9ms | ActiveRecord: 5.0ms)


Started GET "/locations" for ::1 at 2016-06-28 16:42:12 -0500
Processing by LocationsController#index as HTML
  [1m[35mLocation Load (1.0ms)[0m  SELECT "locations".* FROM "locations"
  Rendered locations/index.html.erb within layouts/application (10.6ms)
Completed 200 OK in 861ms (Views: 855.4ms | ActiveRecord: 1.0ms)
